7019/7163
	at org.sig.crawler.fill_image.Main.main(Main.java:39)
java.net.UnknownHostException: www.astom28-atm15.mt.gov.vn
	at java.net.AbstractPlainSocketImpl.connect(AbstractPlainSocketImpl.java:178)
	at java.net.SocksSocketImpl.connect(SocksSocketImpl.java:391)
	at java.net.Socket.connect(Socket.java:579)
	at java.net.Socket.connect(Socket.java:528)
	at sun.net.NetworkClient.doConnect(NetworkClient.java:180)
	at sun.net.www.http.HttpClient.openServer(HttpClient.java:388)
	at sun.net.www.http.HttpClient.openServer(HttpClient.java:483)
	at sun.net.www.http.HttpClient.<init>(HttpClient.java:213)
	at sun.net.www.http.HttpClient.New(HttpClient.java:300)
	at sun.net.www.http.HttpClient.New(HttpClient.java:316)
	at sun.net.www.protocol.http.HttpURLConnection.getNewHttpClient(HttpURLConnection.java:992)
	at sun.net.www.protocol.http.HttpURLConnection.plainConnect(HttpURLConnection.java:928)
	at sun.net.www.protocol.http.HttpURLConnection.connect(HttpURLConnection.java:846)
	at sun.net.www.protocol.http.HttpURLConnection.getInputStream(HttpURLConnection.java:1296)
	at java.net.URL.openStream(URL.java:1035)
	at org.sig.crawler.fill_image.FileLeecher.leechFile(FileLeecher.java:46)
	at org.sig.crawler.fill_image.console.ConsoleApp.fixElement(ConsoleApp.java:109)
	at org.sig.crawler.fill_image.console.ConsoleApp.fixFile(ConsoleApp.java:89)
	at org.sig.crawler.fill_image.Main.main(Main.java:39)
java.io.FileNotFoundException: http://diachiso.vn/Userfiles/Image/article/hcm/tintuc/201102/khách%20sạn%20galery.jpg
	at sun.net.www.protocol.http.HttpURLConnection.getInputStream(HttpURLConnection.java:1610)
	at java.net.URL.openStream(URL.java:1035)
	at org.sig.crawler.fill_image.FileLeecher.leechFile(FileLeecher.java:46)
	at org.sig.crawler.fill_image.console.ConsoleApp.fixElement(ConsoleApp.java:109)
	at org.sig.crawler.fill_image.console.ConsoleApp.fixFile(ConsoleApp.java:89)
	at org.sig.crawler.fill_image.Main.main(Main.java:39)
java.net.ConnectException: Connection timed out
	at java.net.PlainSocketImpl.socketConnect(Native Method)
	at java.net.AbstractPlainSocketImpl.doConnect(AbstractPlainSocketImpl.java:339)
	at java.net.AbstractPlainSocketImpl.connectToAddress(AbstractPlainSocketImpl.java:200)
	at java.net.AbstractPlainSocketImpl.connect(AbstractPlainSocketImpl.java:182)
	at java.net.SocksSocketImpl.connect(SocksSocketImpl.java:391)
	at java.net.Socket.connect(Socket.java:579)
	at java.net.Socket.connect(Socket.java:528)
	at sun.net.NetworkClient.doConnect(NetworkClient.java:180)
	at sun.net.www.http.HttpClient.openServer(HttpClient.java:388)
	at sun.net.www.http.HttpClient.openServer(HttpClient.java:483)
	at sun.net.www.http.HttpClient.<init>(HttpClient.java:213)
	at sun.net.www.http.HttpClient.New(HttpClient.java:300)
	at sun.net.www.http.HttpClient.New(HttpClient.java:316)
	at sun.net.www.protocol.http.HttpURLConnection.getNewHttpClient(HttpURLConnection.java:992)
	at sun.net.www.protocol.http.HttpURLConnection.plainConnect(HttpURLConnection.java:928)
	at sun.net.www.protocol.http.HttpURLConnection.connect(HttpURLConnection.java:846)
	at sun.net.www.protocol.http.HttpURLConnection.getInputStream(HttpURLConnection.java:1296)
	at java.net.URL.openStream(URL.java:1035)
	at org.sig.crawler.fill_image.FileLeecher.leechFile(FileLeecher.java:46)
	at org.sig.crawler.fill_image.console.ConsoleApp.fixElement(ConsoleApp.java:109)
	at org.sig.crawler.fill_image.console.ConsoleApp.fixFile(ConsoleApp.java:89)
	at org.sig.crawler.fill_image.Main.main(Main.java:39)
java.net.ConnectException: Connection timed out
	at java.net.PlainSocketImpl.socketConnect(Native Method)
	at java.net.AbstractPlainSocketImpl.doConnect(AbstractPlainSocketImpl.java:339)
	at java.net.AbstractPlainSocketImpl.connectToAddress(AbstractPlainSocketImpl.java:200)
	at java.net.AbstractPlainSocketImpl.connect(AbstractPlainSocketImpl.java:182)
	at java.net.SocksSocketImpl.connect(SocksSocketImpl.java:391)
	at java.net.Socket.connect(Socket.java:579)
	at java.net.Socket.connect(Socket.java:528)
	at sun.net.NetworkClient.doConnect(NetworkClient.java:180)
	at sun.net.www.http.HttpClient.openServer(HttpClient.java:388)
	at sun.net.www.http.HttpClient.openServer(HttpClient.java:483)
	at sun.net.www.http.HttpClient.<init>(HttpClient.java:213)
	at sun.net.www.http.HttpClient.New(HttpClient.java:300)
	at sun.net.www.http.HttpClient.New(HttpClient.java:316)
	at sun.net.www.protocol.http.HttpURLConnection.getNewHttpClient(HttpURLConnection.java:992)
	at sun.net.www.protocol.http.HttpURLConnection.plainConnect(HttpURLConnection.java:928)
	at sun.net.www.protocol.http.HttpURLConnection.connect(HttpURLConnection.java:846)
	at sun.net.www.protocol.http.HttpURLConnection.getInputStream(HttpURLConnection.java:1296)
	at java.net.URL.openStream(URL.java:1035)
	at org.sig.crawler.fill_image.FileLeecher.leechFile(FileLeecher.java:46)
	at org.sig.crawler.fill_image.console.ConsoleApp.fixElement(ConsoleApp.java:109)
	at org.sig.crawler.fill_image.console.ConsoleApp.fixFile(ConsoleApp.java:89)
	at org.sig.crawler.fill_image.Main.main(Main.java:39)
java.io.FileNotFoundException: http://nguoihanoi.com.vn/uploads/chua%25201%2520cot_1.jpg
	at sun.net.www.protocol.http.HttpURLConnection.getInputStream(HttpURLConnection.java:1610)
	at java.net.URL.openStream(URL.java:1035)
	at org.sig.crawler.fill_image.FileLeecher.leechFile(FileLeecher.java:46)
	at org.sig.crawler.fill_image.console.ConsoleApp.fixElement(ConsoleApp.java:109)
	at org.sig.crawler.fill_image.console.ConsoleApp.fixFile(ConsoleApp.java:89)
	at org.sig.crawler.fill_image.Main.main(Main.java:39)
java.net.UnknownHostException: xinchaotours.com
	at java.net.AbstractPlainSocketImpl.connect(AbstractPlainSocketImpl.java:178)
	at java.net.SocksSocketImpl.connect(SocksSocketImpl.java:391)
	at java.net.Socket.connect(Socket.java:579)
	at java.net.Socket.connect(Socket.java:528)
	at sun.net.NetworkClient.doConnect(NetworkClient.java:180)
	at sun.net.www.http.HttpClient.openServer(HttpClient.java:388)
	at sun.net.www.http.HttpClient.openServer(HttpClient.java:483)
	at sun.net.www.http.HttpClient.<init>(HttpClient.java:213)
	at sun.net.www.http.HttpClient.New(HttpClient.java:300)
	at sun.net.www.http.HttpClient.New(HttpClient.java:316)
	at sun.net.www.protocol.http.HttpURLConnection.getNewHttpClient(HttpURLConnection.java:992)
	at sun.net.www.protocol.http.HttpURLConnection.plainConnect(HttpURLConnection.java:928)
	at sun.net.www.protocol.http.HttpURLConnection.connect(HttpURLConnection.java:846)
	at sun.net.www.protocol.http.HttpURLConnection.getInputStream(HttpURLConnection.java:1296)
	at java.net.URL.openStream(URL.java:1035)
	at org.sig.crawler.fill_image.FileLeecher.leechFile(FileLeecher.java:46)
	at org.sig.crawler.fill_image.console.ConsoleApp.fixElement(ConsoleApp.java:109)
	at org.sig.crawler.fill_image.console.ConsoleApp.fixFile(ConsoleApp.java:89)
	at org.sig.crawler.fill_image.Main.main(Main.java:39)
java.io.IOException: Server returned HTTP response code: 400 for URL: http://i.place.vn/Content/images/places/316/3__gioithieu_mattien_small.jpg%0Ahttp://i.place.vn/Content/images/places/316/5__gioithieu_cosovatchat3_small.jpg
	at sun.net.www.protocol.http.HttpURLConnection.getInputStream(HttpURLConnection.java:1612)
	at java.net.URL.openStream(URL.java:1035)
	at org.sig.crawler.fill_image.FileLeecher.leechFile(FileLeecher.java:46)
	at org.sig.crawler.fill_image.console.ConsoleApp.fixElement(ConsoleApp.java:109)
	at org.sig.crawler.fill_image.console.ConsoleApp.fixFile(ConsoleApp.java:89)
	at org.sig.crawler.fill_image.Main.main(Main.java:39)
java.net.UnknownHostException: m1.ikiwq.com
	at java.net.AbstractPlainSocketImpl.connect(AbstractPlainSocketImpl.java:178)
	at java.net.SocksSocketImpl.connect(SocksSocketImpl.java:391)
	at java.net.Socket.connect(Socket.java:579)
	at java.net.Socket.connect(Socket.java:528)
	at sun.net.NetworkClient.doConnect(NetworkClient.java:180)
	at sun.net.www.http.HttpClient.openServer(HttpClient.java:388)
	at sun.net.www.http.HttpClient.openServer(HttpClient.java:483)
	at sun.net.www.http.HttpClient.<init>(HttpClient.java:213)
	at sun.net.www.http.HttpClient.New(HttpClient.java:300)
	at sun.net.www.http.HttpClient.New(HttpClient.java:316)
	at sun.net.www.protocol.http.HttpURLConnection.getNewHttpClient(HttpURLConnection.java:992)
	at sun.net.www.protocol.http.HttpURLConnection.plainConnect(HttpURLConnection.java:928)
	at sun.net.www.protocol.http.HttpURLConnection.connect(HttpURLConnection.java:846)
	at sun.net.www.protocol.http.HttpURLConnection.getInputStream(HttpURLConnection.java:1296)
	at java.net.URL.openStream(URL.java:1035)
	at org.sig.crawler.fill_image.FileLeecher.leechFile(FileLeecher.java:46)
	at org.sig.crawler.fill_image.console.ConsoleApp.fixElement(ConsoleApp.java:109)
	at org.sig.crawler.fill_image.console.ConsoleApp.fixFile(ConsoleApp.java:89)
	at org.sig.crawler.fill_image.Main.main(Main.java:39)
java.io.FileNotFoundException: http://ilovehanoi.vn/uploads/media/place/0/51/trag_tien_plaza.jpg
	at sun.net.www.protocol.http.HttpURLConnection.getInputStream(HttpURLConnection.java:1610)
	at java.net.URL.openStream(URL.java:1035)
	at org.sig.crawler.fill_image.FileLeecher.leechFile(FileLeecher.java:46)
	at org.sig.crawler.fill_image.console.ConsoleApp.fixElement(ConsoleApp.java:109)
	at org.sig.crawler.fill_image.console.ConsoleApp.fixFile(ConsoleApp.java:89)
	at org.sig.crawler.fill_image.Main.main(Main.java:39)
java.io.IOException: Server returned HTTP response code: 403 for URL: http://www.molon.de/galleries/Vietnam/North/Hanoi/South/images01/09%2520Trang%2520Tien%2520plaza%2520shopping%2520mall.jpg
	at sun.net.www.protocol.http.HttpURLConnection.getInputStream(HttpURLConnection.java:1612)
	at java.net.URL.openStream(URL.java:1035)
	at org.sig.crawler.fill_image.FileLeecher.leechFile(FileLeecher.java:46)
	at org.sig.crawler.fill_image.console.ConsoleApp.fixElement(ConsoleApp.java:109)
	at org.sig.crawler.fill_image.console.ConsoleApp.fixFile(ConsoleApp.java:89)
	at org.sig.crawler.fill_image.Main.main(Main.java:39)
java.io.FileNotFoundException: http://nhovehanoi.com/Modules/CMS/Upload/71/Nam_2010/BAO%2520TANG%2520DAN%2520TOC%2520HOC%2520VN.jpg
	at sun.net.www.protocol.http.HttpURLConnection.getInputStream(HttpURLConnection.java:1610)
	at java.net.URL.openStream(URL.java:1035)
	at org.sig.crawler.fill_image.FileLeecher.leechFile(FileLeecher.java:46)
	at org.sig.crawler.fill_image.console.ConsoleApp.fixElement(ConsoleApp.java:109)
	at org.sig.crawler.fill_image.console.ConsoleApp.fixFile(ConsoleApp.java:89)
	at org.sig.crawler.fill_image.Main.main(Main.java:39)
java.io.IOException: Server returned HTTP response code: 400 for URL: http://i.place.vn/Content/images/places/1320/dai-hoc-ngoai-ngu_small.jpg%0Ahttp://i.place.vn/Content/images/places/1320/dai-hoc-ngoai-ngu-dai-hoc-quoc-gia-ha-noi-5_small.jpg
	at sun.net.www.protocol.http.HttpURLConnection.getInputStream(HttpURLConnection.java:1612)
	at java.net.URL.openStream(URL.java:1035)
	at org.sig.crawler.fill_image.FileLeecher.leechFile(FileLeecher.java:46)
	at org.sig.crawler.fill_image.console.ConsoleApp.fixElement(ConsoleApp.java:109)
	at org.sig.crawler.fill_image.console.ConsoleApp.fixFile(ConsoleApp.java:89)
	at org.sig.crawler.fill_image.Main.main(Main.java:39)
java.net.ConnectException: Connection refused
	at java.net.PlainSocketImpl.socketConnect(Native Method)
	at java.net.AbstractPlainSocketImpl.doConnect(AbstractPlainSocketImpl.java:339)
	at java.net.AbstractPlainSocketImpl.connectToAddress(AbstractPlainSocketImpl.java:200)
	at java.net.AbstractPlainSocketImpl.connect(AbstractPlainSocketImpl.java:182)
	at java.net.SocksSocketImpl.connect(SocksSocketImpl.java:391)
	at java.net.Socket.connect(Socket.java:579)
	at java.net.Socket.connect(Socket.java:528)
	at sun.net.NetworkClient.doConnect(NetworkClient.java:180)
	at sun.net.www.http.HttpClient.openServer(HttpClient.java:388)
	at sun.net.www.http.HttpClient.openServer(HttpClient.java:483)
	at sun.net.www.http.HttpClient.<init>(HttpClient.java:213)
	at sun.net.www.http.HttpClient.New(HttpClient.java:300)
	at sun.net.www.http.HttpClient.New(HttpClient.java:316)
	at sun.net.www.protocol.http.HttpURLConnection.getNewHttpClient(HttpURLConnection.java:992)
	at sun.net.www.protocol.http.HttpURLConnection.plainConnect(HttpURLConnection.java:928)
	at sun.net.www.protocol.http.HttpURLConnection.connect(HttpURLConnection.java:846)
	at sun.net.www.protocol.http.HttpURLConnection.getInputStream(HttpURLConnection.java:1296)
	at java.net.URL.openStream(URL.java:1035)
	at org.sig.crawler.fill_image.FileLeecher.leechFile(FileLeecher.java:46)
	at org.sig.crawler.fill_image.console.ConsoleApp.fixElement(ConsoleApp.java:109)
	at org.sig.crawler.fill_image.console.ConsoleApp.fixFile(ConsoleApp.java:89)
	at org.sig.crawler.fill_image.Main.main(Main.java:39)
java.io.FileNotFoundException: http://diachiso.vn/Userfiles/Image/hn/public/bank/235_236_nganhangachau-acb_2009112153939.jpg
	at sun.net.www.protocol.http.HttpURLConnection.getInputStream(HttpURLConnection.java:1610)
	at java.net.URL.openStream(URL.java:1035)
	at org.sig.crawler.fill_image.FileLeecher.leechFile(FileLeecher.java:46)
	at org.sig.crawler.fill_image.console.ConsoleApp.fixElement(ConsoleApp.java:109)
	at org.sig.crawler.fill_image.console.ConsoleApp.fixFile(ConsoleApp.java:89)
	at org.sig.crawler.fill_image.Main.main(Main.java:39)
java.io.FileNotFoundException: http://www.thuyta.com.vn/Modules/CMS/Upload/Article/nha%2520hang%2520phia%2520sau.jpg
	at sun.net.www.protocol.http.HttpURLConnection.getInputStream(HttpURLConnection.java:1610)
	at java.net.URL.openStream(URL.java:1035)
	at org.sig.crawler.fill_image.FileLeecher.leechFile(FileLeecher.java:46)
	at org.sig.crawler.fill_image.console.ConsoleApp.fixElement(ConsoleApp.java:109)
	at org.sig.crawler.fill_image.console.ConsoleApp.fixFile(ConsoleApp.java:89)
	at org.sig.crawler.fill_image.Main.main(Main.java:39)
java.net.ConnectException: Connection timed out
	at java.net.PlainSocketImpl.socketConnect(Native Method)
	at java.net.AbstractPlainSocketImpl.doConnect(AbstractPlainSocketImpl.java:339)
	at java.net.AbstractPlainSocketImpl.connectToAddress(AbstractPlainSocketImpl.java:200)
	at java.net.AbstractPlainSocketImpl.connect(AbstractPlainSocketImpl.java:182)
	at java.net.SocksSocketImpl.connect(SocksSocketImpl.java:391)
	at java.net.Socket.connect(Socket.java:579)
	at java.net.Socket.connect(Socket.java:528)
	at sun.net.NetworkClient.doConnect(NetworkClient.java:180)
	at sun.net.www.http.HttpClient.openServer(HttpClient.java:388)
	at sun.net.www.http.HttpClient.openServer(HttpClient.java:483)
	at sun.net.www.http.HttpClient.<init>(HttpClient.java:213)
	at sun.net.www.http.HttpClient.New(HttpClient.java:300)
	at sun.net.www.http.HttpClient.New(HttpClient.java:316)
	at sun.net.www.protocol.http.HttpURLConnection.getNewHttpClient(HttpURLConnection.java:992)
	at sun.net.www.protocol.http.HttpURLConnection.plainConnect(HttpURLConnection.java:928)
	at sun.net.www.protocol.http.HttpURLConnection.connect(HttpURLConnection.java:846)
	at sun.net.www.protocol.http.HttpURLConnection.getInputStream(HttpURLConnection.java:1296)
	at java.net.URL.openStream(URL.java:1035)
	at org.sig.crawler.fill_image.FileLeecher.leechFile(FileLeecher.java:46)
	at org.sig.crawler.fill_image.console.ConsoleApp.fixElement(ConsoleApp.java:109)
	at org.sig.crawler.fill_image.console.ConsoleApp.fixFile(ConsoleApp.java:89)
	at org.sig.crawler.fill_image.Main.main(Main.java:39)
java.net.ConnectException: Connection timed out
	at java.net.PlainSocketImpl.socketConnect(Native Method)
	at java.net.AbstractPlainSocketImpl.doConnect(AbstractPlainSocketImpl.java:339)
	at java.net.AbstractPlainSocketImpl.connectToAddress(AbstractPlainSocketImpl.java:200)
	at java.net.AbstractPlainSocketImpl.connect(AbstractPlainSocketImpl.java:182)
	at java.net.SocksSocketImpl.connect(SocksSocketImpl.java:391)
	at java.net.Socket.connect(Socket.java:579)
	at java.net.Socket.connect(Socket.java:528)
	at sun.net.NetworkClient.doConnect(NetworkClient.java:180)
	at sun.net.www.http.HttpClient.openServer(HttpClient.java:388)
	at sun.net.www.http.HttpClient.openServer(HttpClient.java:483)
	at sun.net.www.http.HttpClient.<init>(HttpClient.java:213)
	at sun.net.www.http.HttpClient.New(HttpClient.java:300)
	at sun.net.www.http.HttpClient.New(HttpClient.java:316)
	at sun.net.www.protocol.http.HttpURLConnection.getNewHttpClient(HttpURLConnection.java:992)
	at sun.net.www.protocol.http.HttpURLConnection.plainConnect(HttpURLConnection.java:928)
	at sun.net.www.protocol.http.HttpURLConnection.connect(HttpURLConnection.java:846)
	at sun.net.www.protocol.http.HttpURLConnection.getInputStream(HttpURLConnection.java:1296)
	at java.net.URL.openStream(URL.java:1035)
	at org.sig.crawler.fill_image.FileLeecher.leechFile(FileLeecher.java:46)
	at org.sig.crawler.fill_image.console.ConsoleApp.fixElement(ConsoleApp.java:109)
	at org.sig.crawler.fill_image.console.ConsoleApp.fixFile(ConsoleApp.java:89)
	at org.sig.crawler.fill_image.Main.main(Main.java:39)
java.io.IOException: Server returned HTTP response code: 400 for URL: http://diachiso.vn/Userfiles/Image/hn/shoppics/size2/trieu%2520viet%2520vuong/even/172.1.jpg
	at sun.net.www.protocol.http.HttpURLConnection.getInputStream(HttpURLConnection.java:1612)
	at java.net.URL.openStream(URL.java:1035)
	at org.sig.crawler.fill_image.FileLeecher.leechFile(FileLeecher.java:46)
	at org.sig.crawler.fill_image.console.ConsoleApp.fixElement(ConsoleApp.java:109)
	at org.sig.crawler.fill_image.console.ConsoleApp.fixFile(ConsoleApp.java:89)
	at org.sig.crawler.fill_image.Main.main(Main.java:39)
java.net.ConnectException: Connection timed out
	at java.net.PlainSocketImpl.socketConnect(Native Method)
	at java.net.AbstractPlainSocketImpl.doConnect(AbstractPlainSocketImpl.java:339)
	at java.net.AbstractPlainSocketImpl.connectToAddress(AbstractPlainSocketImpl.java:200)
	at java.net.AbstractPlainSocketImpl.connect(AbstractPlainSocketImpl.java:182)
	at java.net.SocksSocketImpl.connect(SocksSocketImpl.java:391)
	at java.net.Socket.connect(Socket.java:579)
	at java.net.Socket.connect(Socket.java:528)
	at sun.net.NetworkClient.doConnect(NetworkClient.java:180)
	at sun.net.www.http.HttpClient.openServer(HttpClient.java:388)
	at sun.net.www.http.HttpClient.openServer(HttpClient.java:483)
	at sun.net.www.http.HttpClient.<init>(HttpClient.java:213)
	at sun.net.www.http.HttpClient.New(HttpClient.java:300)
	at sun.net.www.http.HttpClient.New(HttpClient.java:316)
	at sun.net.www.protocol.http.HttpURLConnection.getNewHttpClient(HttpURLConnection.java:992)
	at sun.net.www.protocol.http.HttpURLConnection.plainConnect(HttpURLConnection.java:928)
	at sun.net.www.protocol.http.HttpURLConnection.connect(HttpURLConnection.java:846)
	at sun.net.www.protocol.http.HttpURLConnection.getInputStream(HttpURLConnection.java:1296)
	at java.net.URL.openStream(URL.java:1035)
	at org.sig.crawler.fill_image.FileLeecher.leechFile(FileLeecher.java:46)
	at org.sig.crawler.fill_image.console.ConsoleApp.fixElement(ConsoleApp.java:109)
	at org.sig.crawler.fill_image.console.ConsoleApp.fixFile(ConsoleApp.java:89)
	at org.sig.crawler.fill_image.Main.main(Main.java:39)
java.io.FileNotFoundException: http://diachiso.vn/Userfiles/Image/hn/shoppics/size2/thai%20thinh/odd/71.jpg
	at sun.net.www.protocol.http.HttpURLConnection.getInputStream(HttpURLConnection.java:1610)
	at java.net.URL.openStream(URL.java:1035)
	at org.sig.crawler.fill_image.FileLeecher.leechFile(FileLeecher.java:46)
	at org.sig.crawler.fill_image.console.ConsoleApp.fixElement(ConsoleApp.java:109)
	at org.sig.crawler.fill_image.console.ConsoleApp.fixFile(ConsoleApp.java:89)
	at org.sig.crawler.fill_image.Main.main(Main.java:39)
java.io.FileNotFoundException: http://diachiso.vn/Userfiles/Image/ha-noi/hoan-kiem/dao-duy-tu/hanoiboutiquehotel2-32%20đào%20duy%20từ.jpg
	at sun.net.www.protocol.http.HttpURLConnection.getInputStream(HttpURLConnection.java:1610)
	at java.net.URL.openStream(URL.java:1035)
	at org.sig.crawler.fill_image.FileLeecher.leechFile(FileLeecher.java:46)
	at org.sig.crawler.fill_image.console.ConsoleApp.fixElement(ConsoleApp.java:109)
	at org.sig.crawler.fill_image.console.ConsoleApp.fixFile(ConsoleApp.java:89)
	at org.sig.crawler.fill_image.Main.main(Main.java:39)
java.io.IOException: Server returned HTTP response code: 400 for URL: http://diachiso.vn/Userfiles/Image/hn/shoppics/size2/giang%2520vo/odd/111k1.jpg
	at sun.net.www.protocol.http.HttpURLConnection.getInputStream(HttpURLConnection.java:1612)
	at java.net.URL.openStream(URL.java:1035)
	at org.sig.crawler.fill_image.FileLeecher.leechFile(FileLeecher.java:46)
	at org.sig.crawler.fill_image.console.ConsoleApp.fixElement(ConsoleApp.java:109)
	at org.sig.crawler.fill_image.console.ConsoleApp.fixFile(ConsoleApp.java:89)
	at org.sig.crawler.fill_image.Main.main(Main.java:39)
java.net.ConnectException: Connection timed out
	at java.net.PlainSocketImpl.socketConnect(Native Method)
	at java.net.AbstractPlainSocketImpl.doConnect(AbstractPlainSocketImpl.java:339)
	at java.net.AbstractPlainSocketImpl.connectToAddress(AbstractPlainSocketImpl.java:200)
	at java.net.AbstractPlainSocketImpl.connect(AbstractPlainSocketImpl.java:182)
	at java.net.SocksSocketImpl.connect(SocksSocketImpl.java:391)
	at java.net.Socket.connect(Socket.java:579)
	at java.net.Socket.connect(Socket.java:528)
	at sun.net.NetworkClient.doConnect(NetworkClient.java:180)
	at sun.net.www.http.HttpClient.openServer(HttpClient.java:388)
	at sun.net.www.http.HttpClient.openServer(HttpClient.java:483)
	at sun.net.www.http.HttpClient.<init>(HttpClient.java:213)
	at sun.net.www.http.HttpClient.New(HttpClient.java:300)
	at sun.net.www.http.HttpClient.New(HttpClient.java:316)
	at sun.net.www.protocol.http.HttpURLConnection.getNewHttpClient(HttpURLConnection.java:992)
	at sun.net.www.protocol.http.HttpURLConnection.plainConnect(HttpURLConnection.java:928)
	at sun.net.www.protocol.http.HttpURLConnection.connect(HttpURLConnection.java:846)
	at sun.net.www.protocol.http.HttpURLConnection.getInputStream(HttpURLConnection.java:1296)
	at java.net.URL.openStream(URL.java:1035)
	at org.sig.crawler.fill_image.FileLeecher.leechFile(FileLeecher.java:46)
	at org.sig.crawler.fill_image.console.ConsoleApp.fixElement(ConsoleApp.java:109)
	at org.sig.crawler.fill_image.console.ConsoleApp.fixFile(ConsoleApp.java:89)
	at org.sig.crawler.fill_image.Main.main(Main.java:39)
java.io.FileNotFoundException: http://diachiso.vn/Userfiles/Image/hn/public/bank/235_237_nganhangagribank-phonggia_20093211622.jpg
	at sun.net.www.protocol.http.HttpURLConnection.getInputStream(HttpURLConnection.java:1610)
	at java.net.URL.openStream(URL.java:1035)
	at org.sig.crawler.fill_image.FileLeecher.leechFile(FileLeecher.java:46)
	at org.sig.crawler.fill_image.console.ConsoleApp.fixElement(ConsoleApp.java:109)
	at org.sig.crawler.fill_image.console.ConsoleApp.fixFile(ConsoleApp.java:89)
	at org.sig.crawler.fill_image.Main.main(Main.java:39)
java.io.IOException: Server returned HTTP response code: 400 for URL: http://atoz.com.vn/rs/ngocanha2z/baotangLSVN1_07.11.2009_16.27.49.jpg
	at sun.net.www.protocol.http.HttpURLConnection.getInputStream(HttpURLConnection.java:1612)
	at java.net.URL.openStream(URL.java:1035)
	at org.sig.crawler.fill_image.FileLeecher.leechFile(FileLeecher.java:46)
	at org.sig.crawler.fill_image.console.ConsoleApp.fixElement(ConsoleApp.java:109)
	at org.sig.crawler.fill_image.console.ConsoleApp.fixFile(ConsoleApp.java:89)
	at org.sig.crawler.fill_image.Main.main(Main.java:39)
java.io.FileNotFoundException: http://www.kinhtenongthon.com.vn/Uploaded/lamnguyennhi/Nam%25202010/Thang%25209/Ngay%252010/2.JPG
	at sun.net.www.protocol.http.HttpURLConnection.getInputStream(HttpURLConnection.java:1610)
	at java.net.URL.openStream(URL.java:1035)
	at org.sig.crawler.fill_image.FileLeecher.leechFile(FileLeecher.java:46)
	at org.sig.crawler.fill_image.console.ConsoleApp.fixElement(ConsoleApp.java:109)
	at org.sig.crawler.fill_image.console.ConsoleApp.fixFile(ConsoleApp.java:89)
	at org.sig.crawler.fill_image.Main.main(Main.java:39)
java.io.FileNotFoundException: http://photobucket.com/findstuff/?httpstatus=404
	at sun.net.www.protocol.http.HttpURLConnection.getInputStream(HttpURLConnection.java:1610)
	at java.net.URL.openStream(URL.java:1035)
	at org.sig.crawler.fill_image.FileLeecher.leechFile(FileLeecher.java:46)
	at org.sig.crawler.fill_image.console.ConsoleApp.fixElement(ConsoleApp.java:109)
	at org.sig.crawler.fill_image.console.ConsoleApp.fixFile(ConsoleApp.java:89)
	at org.sig.crawler.fill_image.Main.main(Main.java:39)
java.net.ConnectException: Connection timed out
	at java.net.PlainSocketImpl.socketConnect(Native Method)
	at java.net.AbstractPlainSocketImpl.doConnect(AbstractPlainSocketImpl.java:339)
	at java.net.AbstractPlainSocketImpl.connectToAddress(AbstractPlainSocketImpl.java:200)
	at java.net.AbstractPlainSocketImpl.connect(AbstractPlainSocketImpl.java:182)
	at java.net.SocksSocketImpl.connect(SocksSocketImpl.java:391)
	at java.net.Socket.connect(Socket.java:579)
	at java.net.Socket.connect(Socket.java:528)
	at sun.net.NetworkClient.doConnect(NetworkClient.java:180)
	at sun.net.www.http.HttpClient.openServer(HttpClient.java:388)
	at sun.net.www.http.HttpClient.openServer(HttpClient.java:483)
	at sun.net.www.http.HttpClient.<init>(HttpClient.java:213)
	at sun.net.www.http.HttpClient.New(HttpClient.java:300)
	at sun.net.www.http.HttpClient.New(HttpClient.java:316)
	at sun.net.www.protocol.http.HttpURLConnection.getNewHttpClient(HttpURLConnection.java:992)
	at sun.net.www.protocol.http.HttpURLConnection.plainConnect(HttpURLConnection.java:928)
	at sun.net.www.protocol.http.HttpURLConnection.connect(HttpURLConnection.java:846)
	at sun.net.www.protocol.http.HttpURLConnection.getInputStream(HttpURLConnection.java:1296)
	at java.net.URL.openStream(URL.java:1035)
	at org.sig.crawler.fill_image.FileLeecher.leechFile(FileLeecher.java:46)
	at org.sig.crawler.fill_image.console.ConsoleApp.fixElement(ConsoleApp.java:109)
	at org.sig.crawler.fill_image.console.ConsoleApp.fixFile(ConsoleApp.java:89)
	at org.sig.crawler.fill_image.Main.main(Main.java:39)
java.net.ConnectException: Connection timed out
	at java.net.PlainSocketImpl.socketConnect(Native Method)
	at java.net.AbstractPlainSocketImpl.doConnect(AbstractPlainSocketImpl.java:339)
	at java.net.AbstractPlainSocketImpl.connectToAddress(AbstractPlainSocketImpl.java:200)
	at java.net.AbstractPlainSocketImpl.connect(AbstractPlainSocketImpl.java:182)
	at java.net.SocksSocketImpl.connect(SocksSocketImpl.java:391)
	at java.net.Socket.connect(Socket.java:579)
	at java.net.Socket.connect(Socket.java:528)
	at sun.net.NetworkClient.doConnect(NetworkClient.java:180)
	at sun.net.www.http.HttpClient.openServer(HttpClient.java:388)
	at sun.net.www.http.HttpClient.openServer(HttpClient.java:483)
	at sun.net.www.http.HttpClient.<init>(HttpClient.java:213)
	at sun.net.www.http.HttpClient.New(HttpClient.java:300)
	at sun.net.www.http.HttpClient.New(HttpClient.java:316)
	at sun.net.www.protocol.http.HttpURLConnection.getNewHttpClient(HttpURLConnection.java:992)
	at sun.net.www.protocol.http.HttpURLConnection.plainConnect(HttpURLConnection.java:928)
	at sun.net.www.protocol.http.HttpURLConnection.connect(HttpURLConnection.java:846)
	at sun.net.www.protocol.http.HttpURLConnection.getInputStream(HttpURLConnection.java:1296)
	at java.net.URL.openStream(URL.java:1035)
	at org.sig.crawler.fill_image.FileLeecher.leechFile(FileLeecher.java:46)
	at org.sig.crawler.fill_image.console.ConsoleApp.fixElement(ConsoleApp.java:109)
	at org.sig.crawler.fill_image.console.ConsoleApp.fixFile(ConsoleApp.java:89)
	at org.sig.crawler.fill_image.Main.main(Main.java:39)
java.io.FileNotFoundException: http://diachiso.vn/Userfiles/Image/hn/shoppics/size2/quan%20thanh/even/62.jpg
	at sun.net.www.protocol.http.HttpURLConnection.getInputStream(HttpURLConnection.java:1610)
	at java.net.URL.openStream(URL.java:1035)
	at org.sig.crawler.fill_image.FileLeecher.leechFile(FileLeecher.java:46)
	at org.sig.crawler.fill_image.console.ConsoleApp.fixElement(ConsoleApp.java:109)
	at org.sig.crawler.fill_image.console.ConsoleApp.fixFile(ConsoleApp.java:89)
	at org.sig.crawler.fill_image.Main.main(Main.java:39)
java.net.ConnectException: Connection timed out
	at java.net.PlainSocketImpl.socketConnect(Native Method)
	at java.net.AbstractPlainSocketImpl.doConnect(AbstractPlainSocketImpl.java:339)
	at java.net.AbstractPlainSocketImpl.connectToAddress(AbstractPlainSocketImpl.java:200)
	at java.net.AbstractPlainSocketImpl.connect(AbstractPlainSocketImpl.java:182)
	at java.net.SocksSocketImpl.connect(SocksSocketImpl.java:391)
	at java.net.Socket.connect(Socket.java:579)
	at java.net.Socket.connect(Socket.java:528)
	at sun.net.NetworkClient.doConnect(NetworkClient.java:180)
	at sun.net.www.http.HttpClient.openServer(HttpClient.java:388)
	at sun.net.www.http.HttpClient.openServer(HttpClient.java:483)
	at sun.net.www.http.HttpClient.<init>(HttpClient.java:213)
	at sun.net.www.http.HttpClient.New(HttpClient.java:300)
	at sun.net.www.http.HttpClient.New(HttpClient.java:316)
	at sun.net.www.protocol.http.HttpURLConnection.getNewHttpClient(HttpURLConnection.java:992)
	at sun.net.www.protocol.http.HttpURLConnection.plainConnect(HttpURLConnection.java:928)
	at sun.net.www.protocol.http.HttpURLConnection.connect(HttpURLConnection.java:846)
	at sun.net.www.protocol.http.HttpURLConnection.getInputStream(HttpURLConnection.java:1296)
	at java.net.URL.openStream(URL.java:1035)
	at org.sig.crawler.fill_image.FileLeecher.leechFile(FileLeecher.java:46)
	at org.sig.crawler.fill_image.console.ConsoleApp.fixElement(ConsoleApp.java:109)
	at org.sig.crawler.fill_image.console.ConsoleApp.fixFile(ConsoleApp.java:89)
	at org.sig.crawler.fill_image.Main.main(Main.java:39)
java.io.FileNotFoundException: http://archi.vn/Upload%2520Image/linh%25209/100922/chua%2520Ha%25203.png
	at sun.net.www.protocol.http.HttpURLConnection.getInputStream(HttpURLConnection.java:1610)
	at java.net.URL.openStream(URL.java:1035)
	at org.sig.crawler.fill_image.FileLeecher.leechFile(FileLeecher.java:46)
	at org.sig.crawler.fill_image.console.ConsoleApp.fixElement(ConsoleApp.java:109)
	at org.sig.crawler.fill_image.console.ConsoleApp.fixFile(ConsoleApp.java:89)
	at org.sig.crawler.fill_image.Main.main(Main.java:39)
java.io.FileNotFoundException: http://archi.vn/Upload%2520Image/linh%25209/100922/chua%2520Ha%25204.png
	at sun.net.www.protocol.http.HttpURLConnection.getInputStream(HttpURLConnection.java:1610)
	at java.net.URL.openStream(URL.java:1035)
	at org.sig.crawler.fill_image.FileLeecher.leechFile(FileLeecher.java:46)
	at org.sig.crawler.fill_image.console.ConsoleApp.fixElement(ConsoleApp.java:109)
	at org.sig.crawler.fill_image.console.ConsoleApp.fixFile(ConsoleApp.java:89)
	at org.sig.crawler.fill_image.Main.main(Main.java:39)
java.io.IOException: Server returned HTTP response code: 400 for URL: http://diachiso.vn/UserFiles/Image/article/hn/TintucSuKien/201105/Ch%25C3%25B9a%2520H%25C3%25A0.jpg
	at sun.net.www.protocol.http.HttpURLConnection.getInputStream(HttpURLConnection.java:1612)
	at java.net.URL.openStream(URL.java:1035)
	at org.sig.crawler.fill_image.FileLeecher.leechFile(FileLeecher.java:46)
	at org.sig.crawler.fill_image.console.ConsoleApp.fixElement(ConsoleApp.java:109)
	at org.sig.crawler.fill_image.console.ConsoleApp.fixFile(ConsoleApp.java:89)
	at org.sig.crawler.fill_image.Main.main(Main.java:39)
java.io.FileNotFoundException: http://t2.gstatic.com/images?q=tbn:ANd9GcQHwWkrCYawEhIZcswWD9UrlSy7E6EM63YuicKTKvfkQpjU_ISBCQ
	at sun.net.www.protocol.http.HttpURLConnection.getInputStream(HttpURLConnection.java:1610)
	at java.net.URL.openStream(URL.java:1035)
	at org.sig.crawler.fill_image.FileLeecher.leechFile(FileLeecher.java:46)
	at org.sig.crawler.fill_image.console.ConsoleApp.fixElement(ConsoleApp.java:109)
	at org.sig.crawler.fill_image.console.ConsoleApp.fixFile(ConsoleApp.java:89)
	at org.sig.crawler.fill_image.Main.main(Main.java:39)
java.io.FileNotFoundException: http://diachiso.vn/Userfiles/Image/hn/shoppics/size2/nguyen%20truong%20to/odd/115.jpg
	at sun.net.www.protocol.http.HttpURLConnection.getInputStream(HttpURLConnection.java:1610)
	at java.net.URL.openStream(URL.java:1035)
	at org.sig.crawler.fill_image.FileLeecher.leechFile(FileLeecher.java:46)
	at org.sig.crawler.fill_image.console.ConsoleApp.fixElement(ConsoleApp.java:109)
	at org.sig.crawler.fill_image.console.ConsoleApp.fixFile(ConsoleApp.java:89)
	at org.sig.crawler.fill_image.Main.main(Main.java:39)
java.net.ConnectException: Connection timed out
	at java.net.PlainSocketImpl.socketConnect(Native Method)
	at java.net.AbstractPlainSocketImpl.doConnect(AbstractPlainSocketImpl.java:339)
	at java.net.AbstractPlainSocketImpl.connectToAddress(AbstractPlainSocketImpl.java:200)
	at java.net.AbstractPlainSocketImpl.connect(AbstractPlainSocketImpl.java:182)
	at java.net.SocksSocketImpl.connect(SocksSocketImpl.java:391)
	at java.net.Socket.connect(Socket.java:579)
	at java.net.Socket.connect(Socket.java:528)
	at sun.net.NetworkClient.doConnect(NetworkClient.java:180)
	at sun.net.www.http.HttpClient.openServer(HttpClient.java:388)
	at sun.net.www.http.HttpClient.openServer(HttpClient.java:483)
	at sun.net.www.http.HttpClient.<init>(HttpClient.java:213)
	at sun.net.www.http.HttpClient.New(HttpClient.java:300)
	at sun.net.www.http.HttpClient.New(HttpClient.java:316)
	at sun.net.www.protocol.http.HttpURLConnection.getNewHttpClient(HttpURLConnection.java:992)
	at sun.net.www.protocol.http.HttpURLConnection.plainConnect(HttpURLConnection.java:928)
	at sun.net.www.protocol.http.HttpURLConnection.connect(HttpURLConnection.java:846)
	at sun.net.www.protocol.http.HttpURLConnection.getInputStream(HttpURLConnection.java:1296)
	at java.net.URL.openStream(URL.java:1035)
	at org.sig.crawler.fill_image.FileLeecher.leechFile(FileLeecher.java:46)
	at org.sig.crawler.fill_image.console.ConsoleApp.fixElement(ConsoleApp.java:109)
	at org.sig.crawler.fill_image.console.ConsoleApp.fixFile(ConsoleApp.java:89)
	at org.sig.crawler.fill_image.Main.main(Main.java:39)
java.io.FileNotFoundException: http://i.place.vn/Content/images/places/1195/benh-vien-huu-nghi_small%2520(2).jpg
	at sun.net.www.protocol.http.HttpURLConnection.getInputStream(HttpURLConnection.java:1610)
	at java.net.URL.openStream(URL.java:1035)
	at org.sig.crawler.fill_image.FileLeecher.leechFile(FileLeecher.java:46)
	at org.sig.crawler.fill_image.console.ConsoleApp.fixElement(ConsoleApp.java:109)
	at org.sig.crawler.fill_image.console.ConsoleApp.fixFile(ConsoleApp.java:89)
	at org.sig.crawler.fill_image.Main.main(Main.java:39)
java.io.FileNotFoundException: http://diadiem.chodientu.vn/data/images/26006/benh-vien-da-khoa-hong-ha-dbc17fbe2c018f994ac356b6e7cf4f75.jpg
	at sun.net.www.protocol.http.HttpURLConnection.getInputStream(HttpURLConnection.java:1610)
	at java.net.URL.openStream(URL.java:1035)
	at org.sig.crawler.fill_image.FileLeecher.leechFile(FileLeecher.java:46)
	at org.sig.crawler.fill_image.console.ConsoleApp.fixElement(ConsoleApp.java:109)
	at org.sig.crawler.fill_image.console.ConsoleApp.fixFile(ConsoleApp.java:89)
	at org.sig.crawler.fill_image.Main.main(Main.java:39)
java.io.IOException: Server returned HTTP response code: 400 for URL: http://i.place.vn/Content/images/places/1322/dai-hoc-rmit_small.jpg%0Ahttp://i.place.vn/Content/images/places/1322/dai-hoc-rmit-4_small.jpg
	at sun.net.www.protocol.http.HttpURLConnection.getInputStream(HttpURLConnection.java:1612)
	at java.net.URL.openStream(URL.java:1035)
	at org.sig.crawler.fill_image.FileLeecher.leechFile(FileLeecher.java:46)
	at org.sig.crawler.fill_image.console.ConsoleApp.fixElement(ConsoleApp.java:109)
	at org.sig.crawler.fill_image.console.ConsoleApp.fixFile(ConsoleApp.java:89)
	at org.sig.crawler.fill_image.Main.main(Main.java:39)
java.net.ConnectException: Connection timed out
	at java.net.PlainSocketImpl.socketConnect(Native Method)
	at java.net.AbstractPlainSocketImpl.doConnect(AbstractPlainSocketImpl.java:339)
	at java.net.AbstractPlainSocketImpl.connectToAddress(AbstractPlainSocketImpl.java:200)
	at java.net.AbstractPlainSocketImpl.connect(AbstractPlainSocketImpl.java:182)
	at java.net.SocksSocketImpl.connect(SocksSocketImpl.java:391)
	at java.net.Socket.connect(Socket.java:579)
	at java.net.Socket.connect(Socket.java:528)
	at sun.net.NetworkClient.doConnect(NetworkClient.java:180)
	at sun.net.www.http.HttpClient.openServer(HttpClient.java:388)
	at sun.net.www.http.HttpClient.openServer(HttpClient.java:483)
	at sun.net.www.http.HttpClient.<init>(HttpClient.java:213)
	at sun.net.www.http.HttpClient.New(HttpClient.java:300)
	at sun.net.www.http.HttpClient.New(HttpClient.java:316)
	at sun.net.www.protocol.http.HttpURLConnection.getNewHttpClient(HttpURLConnection.java:992)
	at sun.net.www.protocol.http.HttpURLConnection.plainConnect(HttpURLConnection.java:928)
	at sun.net.www.protocol.http.HttpURLConnection.connect(HttpURLConnection.java:846)
	at sun.net.www.protocol.http.HttpURLConnection.getInputStream(HttpURLConnection.java:1296)
	at java.net.URL.openStream(URL.java:1035)
	at org.sig.crawler.fill_image.FileLeecher.leechFile(FileLeecher.java:46)
	at org.sig.crawler.fill_image.console.ConsoleApp.fixElement(ConsoleApp.java:109)
	at org.sig.crawler.fill_image.console.ConsoleApp.fixFile(ConsoleApp.java:89)
	at org.sig.crawler.fill_image.Main.main(Main.java:39)
java.net.ConnectException: Connection timed out
	at java.net.PlainSocketImpl.socketConnect(Native Method)
	at java.net.AbstractPlainSocketImpl.doConnect(AbstractPlainSocketImpl.java:339)
	at java.net.AbstractPlainSocketImpl.connectToAddress(AbstractPlainSocketImpl.java:200)
	at java.net.AbstractPlainSocketImpl.connect(AbstractPlainSocketImpl.java:182)
	at java.net.SocksSocketImpl.connect(SocksSocketImpl.java:391)
	at java.net.Socket.connect(Socket.java:579)
	at java.net.Socket.connect(Socket.java:528)
	at sun.net.NetworkClient.doConnect(NetworkClient.java:180)
	at sun.net.www.http.HttpClient.openServer(HttpClient.java:388)
	at sun.net.www.http.HttpClient.openServer(HttpClient.java:483)
	at sun.net.www.http.HttpClient.<init>(HttpClient.java:213)
	at sun.net.www.http.HttpClient.New(HttpClient.java:300)
	at sun.net.www.http.HttpClient.New(HttpClient.java:316)
	at sun.net.www.protocol.http.HttpURLConnection.getNewHttpClient(HttpURLConnection.java:992)
	at sun.net.www.protocol.http.HttpURLConnection.plainConnect(HttpURLConnection.java:928)
	at sun.net.www.protocol.http.HttpURLConnection.connect(HttpURLConnection.java:846)
	at sun.net.www.protocol.http.HttpURLConnection.getInputStream(HttpURLConnection.java:1296)
	at java.net.URL.openStream(URL.java:1035)
	at org.sig.crawler.fill_image.FileLeecher.leechFile(FileLeecher.java:46)
	at org.sig.crawler.fill_image.console.ConsoleApp.fixElement(ConsoleApp.java:109)
	at org.sig.crawler.fill_image.console.ConsoleApp.fixFile(ConsoleApp.java:89)
	at org.sig.crawler.fill_image.Main.main(Main.java:39)
java.net.ConnectException: Connection timed out
	at java.net.PlainSocketImpl.socketConnect(Native Method)
	at java.net.AbstractPlainSocketImpl.doConnect(AbstractPlainSocketImpl.java:339)
	at java.net.AbstractPlainSocketImpl.connectToAddress(AbstractPlainSocketImpl.java:200)
	at java.net.AbstractPlainSocketImpl.connect(AbstractPlainSocketImpl.java:182)
	at java.net.SocksSocketImpl.connect(SocksSocketImpl.java:391)
	at java.net.Socket.connect(Socket.java:579)
	at java.net.Socket.connect(Socket.java:528)
	at sun.net.NetworkClient.doConnect(NetworkClient.java:180)
	at sun.net.www.http.HttpClient.openServer(HttpClient.java:388)
	at sun.net.www.http.HttpClient.openServer(HttpClient.java:483)
	at sun.net.www.http.HttpClient.<init>(HttpClient.java:213)
	at sun.net.www.http.HttpClient.New(HttpClient.java:300)
	at sun.net.www.http.HttpClient.New(HttpClient.java:316)
	at sun.net.www.protocol.http.HttpURLConnection.getNewHttpClient(HttpURLConnection.java:992)
	at sun.net.www.protocol.http.HttpURLConnection.plainConnect(HttpURLConnection.java:928)
	at sun.net.www.protocol.http.HttpURLConnection.connect(HttpURLConnection.java:846)
	at sun.net.www.protocol.http.HttpURLConnection.getInputStream(HttpURLConnection.java:1296)
	at java.net.URL.openStream(URL.java:1035)
	at org.sig.crawler.fill_image.FileLeecher.leechFile(FileLeecher.java:46)
	at org.sig.crawler.fill_image.console.ConsoleApp.fixElement(ConsoleApp.java:109)
	at org.sig.crawler.fill_image.console.ConsoleApp.fixFile(ConsoleApp.java:89)
	at org.sig.crawler.fill_image.Main.main(Main.java:39)
java.net.ConnectException: Connection timed out
	at java.net.PlainSocketImpl.socketConnect(Native Method)
	at java.net.AbstractPlainSocketImpl.doConnect(AbstractPlainSocketImpl.java:339)
	at java.net.AbstractPlainSocketImpl.connectToAddress(AbstractPlainSocketImpl.java:200)
	at java.net.AbstractPlainSocketImpl.connect(AbstractPlainSocketImpl.java:182)
	at java.net.SocksSocketImpl.connect(SocksSocketImpl.java:391)
	at java.net.Socket.connect(Socket.java:579)
	at java.net.Socket.connect(Socket.java:528)
	at sun.net.NetworkClient.doConnect(NetworkClient.java:180)
	at sun.net.www.http.HttpClient.openServer(HttpClient.java:388)
	at sun.net.www.http.HttpClient.openServer(HttpClient.java:483)
	at sun.net.www.http.HttpClient.<init>(HttpClient.java:213)
	at sun.net.www.http.HttpClient.New(HttpClient.java:300)
	at sun.net.www.http.HttpClient.New(HttpClient.java:316)
	at sun.net.www.protocol.http.HttpURLConnection.getNewHttpClient(HttpURLConnection.java:992)
	at sun.net.www.protocol.http.HttpURLConnection.plainConnect(HttpURLConnection.java:928)
	at sun.net.www.protocol.http.HttpURLConnection.connect(HttpURLConnection.java:846)
	at sun.net.www.protocol.http.HttpURLConnection.getInputStream(HttpURLConnection.java:1296)
	at java.net.URL.openStream(URL.java:1035)
	at org.sig.crawler.fill_image.FileLeecher.leechFile(FileLeecher.java:46)
	at org.sig.crawler.fill_image.console.ConsoleApp.fixElement(ConsoleApp.java:109)
	at org.sig.crawler.fill_image.console.ConsoleApp.fixFile(ConsoleApp.java:89)
	at org.sig.crawler.fill_image.Main.main(Main.java:39)
java.net.ConnectException: Connection timed out
	at java.net.PlainSocketImpl.socketConnect(Native Method)
	at java.net.AbstractPlainSocketImpl.doConnect(AbstractPlainSocketImpl.java:339)
	at java.net.AbstractPlainSocketImpl.connectToAddress(AbstractPlainSocketImpl.java:200)
	at java.net.AbstractPlainSocketImpl.connect(AbstractPlainSocketImpl.java:182)
	at java.net.SocksSocketImpl.connect(SocksSocketImpl.java:391)
	at java.net.Socket.connect(Socket.java:579)
	at java.net.Socket.connect(Socket.java:528)
	at sun.net.NetworkClient.doConnect(NetworkClient.java:180)
	at sun.net.www.http.HttpClient.openServer(HttpClient.java:388)
	at sun.net.www.http.HttpClient.openServer(HttpClient.java:483)
	at sun.net.www.http.HttpClient.<init>(HttpClient.java:213)
	at sun.net.www.http.HttpClient.New(HttpClient.java:300)
	at sun.net.www.http.HttpClient.New(HttpClient.java:316)
	at sun.net.www.protocol.http.HttpURLConnection.getNewHttpClient(HttpURLConnection.java:992)
	at sun.net.www.protocol.http.HttpURLConnection.plainConnect(HttpURLConnection.java:928)
	at sun.net.www.protocol.http.HttpURLConnection.connect(HttpURLConnection.java:846)
	at sun.net.www.protocol.http.HttpURLConnection.getInputStream(HttpURLConnection.java:1296)
	at java.net.URL.openStream(URL.java:1035)
	at org.sig.crawler.fill_image.FileLeecher.leechFile(FileLeecher.java:46)
	at org.sig.crawler.fill_image.console.ConsoleApp.fixElement(ConsoleApp.java:109)
	at org.sig.crawler.fill_image.console.ConsoleApp.fixFile(ConsoleApp.java:89)
	at org.sig.crawler.fill_image.Main.main(Main.java:39)
java.io.FileNotFoundException: http://camnangdulich.com/images/stories/01N-amthuc/57.jpg
	at sun.net.www.protocol.http.HttpURLConnection.getInputStream(HttpURLConnection.java:1610)
	at java.net.URL.openStream(URL.java:1035)
	at org.sig.crawler.fill_image.FileLeecher.leechFile(FileLeecher.java:46)
	at org.sig.crawler.fill_image.console.ConsoleApp.fixElement(ConsoleApp.java:109)
	at org.sig.crawler.fill_image.console.ConsoleApp.fixFile(ConsoleApp.java:89)
	at org.sig.crawler.fill_image.Main.main(Main.java:39)
java.net.ConnectException: Connection timed out
	at java.net.PlainSocketImpl.socketConnect(Native Method)
	at java.net.AbstractPlainSocketImpl.doConnect(AbstractPlainSocketImpl.java:339)
	at java.net.AbstractPlainSocketImpl.connectToAddress(AbstractPlainSocketImpl.java:200)
	at java.net.AbstractPlainSocketImpl.connect(AbstractPlainSocketImpl.java:182)
	at java.net.SocksSocketImpl.connect(SocksSocketImpl.java:391)
	at java.net.Socket.connect(Socket.java:579)
	at java.net.Socket.connect(Socket.java:528)
	at sun.net.NetworkClient.doConnect(NetworkClient.java:180)
	at sun.net.www.http.HttpClient.openServer(HttpClient.java:388)
	at sun.net.www.http.HttpClient.openServer(HttpClient.java:483)
	at sun.net.www.http.HttpClient.<init>(HttpClient.java:213)
	at sun.net.www.http.HttpClient.New(HttpClient.java:300)
	at sun.net.www.http.HttpClient.New(HttpClient.java:316)
	at sun.net.www.protocol.http.HttpURLConnection.getNewHttpClient(HttpURLConnection.java:992)
	at sun.net.www.protocol.http.HttpURLConnection.plainConnect(HttpURLConnection.java:928)
	at sun.net.www.protocol.http.HttpURLConnection.connect(HttpURLConnection.java:846)
	at sun.net.www.protocol.http.HttpURLConnection.getInputStream(HttpURLConnection.java:1296)
	at java.net.URL.openStream(URL.java:1035)
	at org.sig.crawler.fill_image.FileLeecher.leechFile(FileLeecher.java:46)
	at org.sig.crawler.fill_image.console.ConsoleApp.fixElement(ConsoleApp.java:109)
	at org.sig.crawler.fill_image.console.ConsoleApp.fixFile(ConsoleApp.java:89)
	at org.sig.crawler.fill_image.Main.main(Main.java:39)
java.net.ConnectException: Connection timed out
	at java.net.PlainSocketImpl.socketConnect(Native Method)
	at java.net.AbstractPlainSocketImpl.doConnect(AbstractPlainSocketImpl.java:339)
	at java.net.AbstractPlainSocketImpl.connectToAddress(AbstractPlainSocketImpl.java:200)
	at java.net.AbstractPlainSocketImpl.connect(AbstractPlainSocketImpl.java:182)
	at java.net.SocksSocketImpl.connect(SocksSocketImpl.java:391)
	at java.net.Socket.connect(Socket.java:579)
	at java.net.Socket.connect(Socket.java:528)
	at sun.net.NetworkClient.doConnect(NetworkClient.java:180)
	at sun.net.www.http.HttpClient.openServer(HttpClient.java:388)
	at sun.net.www.http.HttpClient.openServer(HttpClient.java:483)
	at sun.net.www.http.HttpClient.<init>(HttpClient.java:213)
	at sun.net.www.http.HttpClient.New(HttpClient.java:300)
	at sun.net.www.http.HttpClient.New(HttpClient.java:316)
	at sun.net.www.protocol.http.HttpURLConnection.getNewHttpClient(HttpURLConnection.java:992)
	at sun.net.www.protocol.http.HttpURLConnection.plainConnect(HttpURLConnection.java:928)
	at sun.net.www.protocol.http.HttpURLConnection.connect(HttpURLConnection.java:846)
	at sun.net.www.protocol.http.HttpURLConnection.getInputStream(HttpURLConnection.java:1296)
	at java.net.URL.openStream(URL.java:1035)
	at org.sig.crawler.fill_image.FileLeecher.leechFile(FileLeecher.java:46)
	at org.sig.crawler.fill_image.console.ConsoleApp.fixElement(ConsoleApp.java:109)
	at org.sig.crawler.fill_image.console.ConsoleApp.fixFile(ConsoleApp.java:89)
	at org.sig.crawler.fill_image.Main.main(Main.java:39)
java.io.FileNotFoundException: http://www.ashima.com.vn/images/gioithieu.gif
	at sun.net.www.protocol.http.HttpURLConnection.getInputStream(HttpURLConnection.java:1610)
	at java.net.URL.openStream(URL.java:1035)
	at org.sig.crawler.fill_image.FileLeecher.leechFile(FileLeecher.java:46)
	at org.sig.crawler.fill_image.console.ConsoleApp.fixElement(ConsoleApp.java:109)
	at org.sig.crawler.fill_image.console.ConsoleApp.fixFile(ConsoleApp.java:89)
	at org.sig.crawler.fill_image.Main.main(Main.java:39)
java.io.FileNotFoundException: http://diadiem.chodientu.vn/data/images/29736/rap-cinema-tre-f40538a2815803814bbb343a071aa2e9.jpg
	at sun.net.www.protocol.http.HttpURLConnection.getInputStream(HttpURLConnection.java:1610)
	at java.net.URL.openStream(URL.java:1035)
	at org.sig.crawler.fill_image.FileLeecher.leechFile(FileLeecher.java:46)
	at org.sig.crawler.fill_image.console.ConsoleApp.fixElement(ConsoleApp.java:109)
	at org.sig.crawler.fill_image.console.ConsoleApp.fixFile(ConsoleApp.java:89)
	at org.sig.crawler.fill_image.Main.main(Main.java:39)
java.io.FileNotFoundException: http://i.place.vn/Content/images/places/1196/benh-vien-thanh-nhan_small%2520(2).jpg
	at sun.net.www.protocol.http.HttpURLConnection.getInputStream(HttpURLConnection.java:1610)
	at java.net.URL.openStream(URL.java:1035)
	at org.sig.crawler.fill_image.FileLeecher.leechFile(FileLeecher.java:46)
	at org.sig.crawler.fill_image.console.ConsoleApp.fixElement(ConsoleApp.java:109)
	at org.sig.crawler.fill_image.console.ConsoleApp.fixFile(ConsoleApp.java:89)
	at org.sig.crawler.fill_image.Main.main(Main.java:39)
java.net.ConnectException: Connection timed out
	at java.net.PlainSocketImpl.socketConnect(Native Method)
	at java.net.AbstractPlainSocketImpl.doConnect(AbstractPlainSocketImpl.java:339)
	at java.net.AbstractPlainSocketImpl.connectToAddress(AbstractPlainSocketImpl.java:200)
	at java.net.AbstractPlainSocketImpl.connect(AbstractPlainSocketImpl.java:182)
	at java.net.SocksSocketImpl.connect(SocksSocketImpl.java:391)
	at java.net.Socket.connect(Socket.java:579)
	at java.net.Socket.connect(Socket.java:528)
	at sun.net.NetworkClient.doConnect(NetworkClient.java:180)
	at sun.net.www.http.HttpClient.openServer(HttpClient.java:388)
	at sun.net.www.http.HttpClient.openServer(HttpClient.java:483)
	at sun.net.www.http.HttpClient.<init>(HttpClient.java:213)
	at sun.net.www.http.HttpClient.New(HttpClient.java:300)
	at sun.net.www.http.HttpClient.New(HttpClient.java:316)
	at sun.net.www.protocol.http.HttpURLConnection.getNewHttpClient(HttpURLConnection.java:992)
	at sun.net.www.protocol.http.HttpURLConnection.plainConnect(HttpURLConnection.java:928)
	at sun.net.www.protocol.http.HttpURLConnection.connect(HttpURLConnection.java:846)
	at sun.net.www.protocol.http.HttpURLConnection.getInputStream(HttpURLConnection.java:1296)
	at java.net.URL.openStream(URL.java:1035)
	at org.sig.crawler.fill_image.FileLeecher.leechFile(FileLeecher.java:46)
	at org.sig.crawler.fill_image.console.ConsoleApp.fixElement(ConsoleApp.java:109)
	at org.sig.crawler.fill_image.console.ConsoleApp.fixFile(ConsoleApp.java:89)
	at org.sig.crawler.fill_image.Main.main(Main.java:39)
java.net.ConnectException: Connection timed out
	at java.net.PlainSocketImpl.socketConnect(Native Method)
	at java.net.AbstractPlainSocketImpl.doConnect(AbstractPlainSocketImpl.java:339)
	at java.net.AbstractPlainSocketImpl.connectToAddress(AbstractPlainSocketImpl.java:200)
	at java.net.AbstractPlainSocketImpl.connect(AbstractPlainSocketImpl.java:182)
	at java.net.SocksSocketImpl.connect(SocksSocketImpl.java:391)
	at java.net.Socket.connect(Socket.java:579)
	at java.net.Socket.connect(Socket.java:528)
	at sun.net.NetworkClient.doConnect(NetworkClient.java:180)
	at sun.net.www.http.HttpClient.openServer(HttpClient.java:388)
	at sun.net.www.http.HttpClient.openServer(HttpClient.java:483)
	at sun.net.www.http.HttpClient.<init>(HttpClient.java:213)
	at sun.net.www.http.HttpClient.New(HttpClient.java:300)
	at sun.net.www.http.HttpClient.New(HttpClient.java:316)
	at sun.net.www.protocol.http.HttpURLConnection.getNewHttpClient(HttpURLConnection.java:992)
	at sun.net.www.protocol.http.HttpURLConnection.plainConnect(HttpURLConnection.java:928)
	at sun.net.www.protocol.http.HttpURLConnection.connect(HttpURLConnection.java:846)
	at sun.net.www.protocol.http.HttpURLConnection.getInputStream(HttpURLConnection.java:1296)
	at java.net.URL.openStream(URL.java:1035)
	at org.sig.crawler.fill_image.FileLeecher.leechFile(FileLeecher.java:46)
	at org.sig.crawler.fill_image.console.ConsoleApp.fixElement(ConsoleApp.java:109)
	at org.sig.crawler.fill_image.console.ConsoleApp.fixFile(ConsoleApp.java:89)
	at org.sig.crawler.fill_image.Main.main(Main.java:39)
java.net.ConnectException: Connection timed out
	at java.net.PlainSocketImpl.socketConnect(Native Method)
	at java.net.AbstractPlainSocketImpl.doConnect(AbstractPlainSocketImpl.java:339)
	at java.net.AbstractPlainSocketImpl.connectToAddress(AbstractPlainSocketImpl.java:200)
	at java.net.AbstractPlainSocketImpl.connect(AbstractPlainSocketImpl.java:182)
	at java.net.SocksSocketImpl.connect(SocksSocketImpl.java:391)
	at java.net.Socket.connect(Socket.java:579)
	at java.net.Socket.connect(Socket.java:528)
	at sun.net.NetworkClient.doConnect(NetworkClient.java:180)
	at sun.net.www.http.HttpClient.openServer(HttpClient.java:388)
	at sun.net.www.http.HttpClient.openServer(HttpClient.java:483)
	at sun.net.www.http.HttpClient.<init>(HttpClient.java:213)
	at sun.net.www.http.HttpClient.New(HttpClient.java:300)
	at sun.net.www.http.HttpClient.New(HttpClient.java:316)
	at sun.net.www.protocol.http.HttpURLConnection.getNewHttpClient(HttpURLConnection.java:992)
	at sun.net.www.protocol.http.HttpURLConnection.plainConnect(HttpURLConnection.java:928)
	at sun.net.www.protocol.http.HttpURLConnection.connect(HttpURLConnection.java:846)
	at sun.net.www.protocol.http.HttpURLConnection.getInputStream(HttpURLConnection.java:1296)
	at java.net.URL.openStream(URL.java:1035)
	at org.sig.crawler.fill_image.FileLeecher.leechFile(FileLeecher.java:46)
	at org.sig.crawler.fill_image.console.ConsoleApp.fixElement(ConsoleApp.java:109)
	at org.sig.crawler.fill_image.console.ConsoleApp.fixFile(ConsoleApp.java:89)
	at org.sig.crawler.fill_image.Main.main(Main.java:39)
java.net.ConnectException: Connection timed out
	at java.net.PlainSocketImpl.socketConnect(Native Method)
	at java.net.AbstractPlainSocketImpl.doConnect(AbstractPlainSocketImpl.java:339)
	at java.net.AbstractPlainSocketImpl.connectToAddress(AbstractPlainSocketImpl.java:200)
	at java.net.AbstractPlainSocketImpl.connect(AbstractPlainSocketImpl.java:182)
	at java.net.SocksSocketImpl.connect(SocksSocketImpl.java:391)
	at java.net.Socket.connect(Socket.java:579)
	at java.net.Socket.connect(Socket.java:528)
	at sun.net.NetworkClient.doConnect(NetworkClient.java:180)
	at sun.net.www.http.HttpClient.openServer(HttpClient.java:388)
	at sun.net.www.http.HttpClient.openServer(HttpClient.java:483)
	at sun.net.www.http.HttpClient.<init>(HttpClient.java:213)
	at sun.net.www.http.HttpClient.New(HttpClient.java:300)
	at sun.net.www.http.HttpClient.New(HttpClient.java:316)
	at sun.net.www.protocol.http.HttpURLConnection.getNewHttpClient(HttpURLConnection.java:992)
	at sun.net.www.protocol.http.HttpURLConnection.plainConnect(HttpURLConnection.java:928)
	at sun.net.www.protocol.http.HttpURLConnection.connect(HttpURLConnection.java:846)
	at sun.net.www.protocol.http.HttpURLConnection.getInputStream(HttpURLConnection.java:1296)
	at java.net.URL.openStream(URL.java:1035)
	at org.sig.crawler.fill_image.FileLeecher.leechFile(FileLeecher.java:46)
	at org.sig.crawler.fill_image.console.ConsoleApp.fixElement(ConsoleApp.java:109)
	at org.sig.crawler.fill_image.console.ConsoleApp.fixFile(ConsoleApp.java:89)
	at org.sig.crawler.fill_image.Main.main(Main.java:39)
java.io.FileNotFoundException: http://diachiso.vn/Userfiles/Image/hn/public/travel/215_217_nhatholonhanoi_2009220174019.jpg
	at sun.net.www.protocol.http.HttpURLConnection.getInputStream(HttpURLConnection.java:1610)
	at java.net.URL.openStream(URL.java:1035)
	at org.sig.crawler.fill_image.FileLeecher.leechFile(FileLeecher.java:46)
	at org.sig.crawler.fill_image.console.ConsoleApp.fixElement(ConsoleApp.java:109)
	at org.sig.crawler.fill_image.console.ConsoleApp.fixFile(ConsoleApp.java:89)
	at org.sig.crawler.fill_image.Main.main(Main.java:39)
java.net.ConnectException: Connection timed out
	at java.net.PlainSocketImpl.socketConnect(Native Method)
	at java.net.AbstractPlainSocketImpl.doConnect(AbstractPlainSocketImpl.java:339)
	at java.net.AbstractPlainSocketImpl.connectToAddress(AbstractPlainSocketImpl.java:200)
	at java.net.AbstractPlainSocketImpl.connect(AbstractPlainSocketImpl.java:182)
	at java.net.SocksSocketImpl.connect(SocksSocketImpl.java:391)
	at java.net.Socket.connect(Socket.java:579)
	at java.net.Socket.connect(Socket.java:528)
	at sun.net.NetworkClient.doConnect(NetworkClient.java:180)
	at sun.net.www.http.HttpClient.openServer(HttpClient.java:388)
	at sun.net.www.http.HttpClient.openServer(HttpClient.java:483)
	at sun.net.www.http.HttpClient.<init>(HttpClient.java:213)
	at sun.net.www.http.HttpClient.New(HttpClient.java:300)
	at sun.net.www.http.HttpClient.New(HttpClient.java:316)
	at sun.net.www.protocol.http.HttpURLConnection.getNewHttpClient(HttpURLConnection.java:992)
	at sun.net.www.protocol.http.HttpURLConnection.plainConnect(HttpURLConnection.java:928)
	at sun.net.www.protocol.http.HttpURLConnection.connect(HttpURLConnection.java:846)
	at sun.net.www.protocol.http.HttpURLConnection.getInputStream(HttpURLConnection.java:1296)
	at java.net.URL.openStream(URL.java:1035)
	at org.sig.crawler.fill_image.FileLeecher.leechFile(FileLeecher.java:46)
	at org.sig.crawler.fill_image.console.ConsoleApp.fixElement(ConsoleApp.java:109)
	at org.sig.crawler.fill_image.console.ConsoleApp.fixFile(ConsoleApp.java:89)
	at org.sig.crawler.fill_image.Main.main(Main.java:39)
java.net.ConnectException: Connection timed out
	at java.net.PlainSocketImpl.socketConnect(Native Method)
	at java.net.AbstractPlainSocketImpl.doConnect(AbstractPlainSocketImpl.java:339)
	at java.net.AbstractPlainSocketImpl.connectToAddress(AbstractPlainSocketImpl.java:200)
	at java.net.AbstractPlainSocketImpl.connect(AbstractPlainSocketImpl.java:182)
	at java.net.SocksSocketImpl.connect(SocksSocketImpl.java:391)
	at java.net.Socket.connect(Socket.java:579)
	at java.net.Socket.connect(Socket.java:528)
	at sun.net.NetworkClient.doConnect(NetworkClient.java:180)
	at sun.net.www.http.HttpClient.openServer(HttpClient.java:388)
	at sun.net.www.http.HttpClient.openServer(HttpClient.java:483)
	at sun.net.www.http.HttpClient.<init>(HttpClient.java:213)
	at sun.net.www.http.HttpClient.New(HttpClient.java:300)
	at sun.net.www.http.HttpClient.New(HttpClient.java:316)
	at sun.net.www.protocol.http.HttpURLConnection.getNewHttpClient(HttpURLConnection.java:992)
	at sun.net.www.protocol.http.HttpURLConnection.plainConnect(HttpURLConnection.java:928)
	at sun.net.www.protocol.http.HttpURLConnection.connect(HttpURLConnection.java:846)
	at sun.net.www.protocol.http.HttpURLConnection.getInputStream(HttpURLConnection.java:1296)
	at java.net.URL.openStream(URL.java:1035)
	at org.sig.crawler.fill_image.FileLeecher.leechFile(FileLeecher.java:46)
	at org.sig.crawler.fill_image.console.ConsoleApp.fixElement(ConsoleApp.java:109)
	at org.sig.crawler.fill_image.console.ConsoleApp.fixFile(ConsoleApp.java:89)
	at org.sig.crawler.fill_image.Main.main(Main.java:39)
java.io.IOException: Server returned HTTP response code: 400 for URL: http://i.place.vn/Content/images/places/1552/dai-hoc-nguyen-trai_small.jpg%0Ahttp://i.place.vn/Content/images/places/1552/dai-hoc-nguyen-trai-4_small.jpg
	at sun.net.www.protocol.http.HttpURLConnection.getInputStream(HttpURLConnection.java:1612)
	at java.net.URL.openStream(URL.java:1035)
	at org.sig.crawler.fill_image.FileLeecher.leechFile(FileLeecher.java:46)
	at org.sig.crawler.fill_image.console.ConsoleApp.fixElement(ConsoleApp.java:109)
	at org.sig.crawler.fill_image.console.ConsoleApp.fixFile(ConsoleApp.java:89)
	at org.sig.crawler.fill_image.Main.main(Main.java:39)
java.io.IOException: Server returned HTTP response code: 400 for URL: http://i.place.vn/Content/images/places/1297/dai-hoc-thuong-mai-2_small.jpg%0Ahttp://i.place.vn/Content/images/places/1297/dai-hoc-thuong-mai-3_small.jpg
	at sun.net.www.protocol.http.HttpURLConnection.getInputStream(HttpURLConnection.java:1612)
	at java.net.URL.openStream(URL.java:1035)
	at org.sig.crawler.fill_image.FileLeecher.leechFile(FileLeecher.java:46)
	at org.sig.crawler.fill_image.console.ConsoleApp.fixElement(ConsoleApp.java:109)
	at org.sig.crawler.fill_image.console.ConsoleApp.fixFile(ConsoleApp.java:89)
	at org.sig.crawler.fill_image.Main.main(Main.java:39)
java.io.FileNotFoundException: http://upload.wikimedia.org/wikipedia/commons/thumb/9/92/Hanoi_Keangnam_Landmark_Tower_August_2011.jpg/800px-Hanoi_Keangnam_Landmark_Tower_August_2011.jpg
	at sun.net.www.protocol.http.HttpURLConnection.getInputStream(HttpURLConnection.java:1610)
	at java.net.URL.openStream(URL.java:1035)
	at org.sig.crawler.fill_image.FileLeecher.leechFile(FileLeecher.java:46)
	at org.sig.crawler.fill_image.console.ConsoleApp.fixElement(ConsoleApp.java:109)
	at org.sig.crawler.fill_image.console.ConsoleApp.fixFile(ConsoleApp.java:89)
	at org.sig.crawler.fill_image.Main.main(Main.java:39)
java.io.IOException: Server returned HTTP response code: 403 for URL: http://hoaivan.vnweblogs.com/gallery/2466/Chua%2520Tran%2520quoc%252010.jpg
	at sun.net.www.protocol.http.HttpURLConnection.getInputStream(HttpURLConnection.java:1612)
	at java.net.URL.openStream(URL.java:1035)
	at org.sig.crawler.fill_image.FileLeecher.leechFile(FileLeecher.java:46)
	at org.sig.crawler.fill_image.console.ConsoleApp.fixElement(ConsoleApp.java:109)
	at org.sig.crawler.fill_image.console.ConsoleApp.fixFile(ConsoleApp.java:89)
	at org.sig.crawler.fill_image.Main.main(Main.java:39)
java.io.FileNotFoundException: http://www.vrbank.com.vn/Upload/tintuc/Hoangthanh%2520TL1.jpg
	at sun.net.www.protocol.http.HttpURLConnection.getInputStream(HttpURLConnection.java:1610)
	at java.net.URL.openStream(URL.java:1035)
	at org.sig.crawler.fill_image.FileLeecher.leechFile(FileLeecher.java:46)
	at org.sig.crawler.fill_image.console.ConsoleApp.fixElement(ConsoleApp.java:109)
	at org.sig.crawler.fill_image.console.ConsoleApp.fixFile(ConsoleApp.java:89)
	at org.sig.crawler.fill_image.Main.main(Main.java:39)
java.io.FileNotFoundException: http://camnangdulich.com/images/stories/aphamson/aaa/thanglong.jpg
	at sun.net.www.protocol.http.HttpURLConnection.getInputStream(HttpURLConnection.java:1610)
	at java.net.URL.openStream(URL.java:1035)
	at org.sig.crawler.fill_image.FileLeecher.leechFile(FileLeecher.java:46)
	at org.sig.crawler.fill_image.console.ConsoleApp.fixElement(ConsoleApp.java:109)
	at org.sig.crawler.fill_image.console.ConsoleApp.fixFile(ConsoleApp.java:89)
	at org.sig.crawler.fill_image.Main.main(Main.java:39)
java.io.FileNotFoundException: http://www.dulichao.com/wp-content/uploads/2010/03/thule.jpg
	at sun.net.www.protocol.http.HttpURLConnection.getInputStream(HttpURLConnection.java:1610)
	at java.net.URL.openStream(URL.java:1035)
	at org.sig.crawler.fill_image.FileLeecher.leechFile(FileLeecher.java:46)
	at org.sig.crawler.fill_image.console.ConsoleApp.fixElement(ConsoleApp.java:109)
	at org.sig.crawler.fill_image.console.ConsoleApp.fixFile(ConsoleApp.java:89)
	at org.sig.crawler.fill_image.Main.main(Main.java:39)
java.io.FileNotFoundException: http://www.vietnam-beauty.com/images/stories/van%2520mieu.%2520khue%2520van%2520ca.jpg
	at sun.net.www.protocol.http.HttpURLConnection.getInputStream(HttpURLConnection.java:1610)
	at java.net.URL.openStream(URL.java:1035)
	at org.sig.crawler.fill_image.FileLeecher.leechFile(FileLeecher.java:46)
	at org.sig.crawler.fill_image.console.ConsoleApp.fixElement(ConsoleApp.java:109)
	at org.sig.crawler.fill_image.console.ConsoleApp.fixFile(ConsoleApp.java:89)
	at org.sig.crawler.fill_image.Main.main(Main.java:39)
java.io.FileNotFoundException: http://wikimapia.org/p/00/00/70/46/42_big.jpg
	at sun.net.www.protocol.http.HttpURLConnection.getInputStream(HttpURLConnection.java:1610)
	at java.net.URL.openStream(URL.java:1035)
	at org.sig.crawler.fill_image.FileLeecher.leechFile(FileLeecher.java:46)
	at org.sig.crawler.fill_image.console.ConsoleApp.fixElement(ConsoleApp.java:109)
	at org.sig.crawler.fill_image.console.ConsoleApp.fixFile(ConsoleApp.java:89)
	at org.sig.crawler.fill_image.Main.main(Main.java:39)
java.io.FileNotFoundException: http://www.vnnavi.com/restaurants/nomad/res_1_main.jpg
	at sun.net.www.protocol.http.HttpURLConnection.getInputStream(HttpURLConnection.java:1610)
	at java.net.URL.openStream(URL.java:1035)
	at org.sig.crawler.fill_image.FileLeecher.leechFile(FileLeecher.java:46)
	at org.sig.crawler.fill_image.console.ConsoleApp.fixElement(ConsoleApp.java:109)
	at org.sig.crawler.fill_image.console.ConsoleApp.fixFile(ConsoleApp.java:89)
	at org.sig.crawler.fill_image.Main.main(Main.java:39)
java.io.FileNotFoundException: http://www.vnnavi.com/restaurants/zenta/res_1_main.jpg
	at sun.net.www.protocol.http.HttpURLConnection.getInputStream(HttpURLConnection.java:1610)
	at java.net.URL.openStream(URL.java:1035)
	at org.sig.crawler.fill_image.FileLeecher.leechFile(FileLeecher.java:46)
	at org.sig.crawler.fill_image.console.ConsoleApp.fixElement(ConsoleApp.java:109)
	at org.sig.crawler.fill_image.console.ConsoleApp.fixFile(ConsoleApp.java:89)
	at org.sig.crawler.fill_image.Main.main(Main.java:39)
java.net.ConnectException: Connection timed out
	at java.net.PlainSocketImpl.socketConnect(Native Method)
	at java.net.AbstractPlainSocketImpl.doConnect(AbstractPlainSocketImpl.java:339)
	at java.net.AbstractPlainSocketImpl.connectToAddress(AbstractPlainSocketImpl.java:200)
	at java.net.AbstractPlainSocketImpl.connect(AbstractPlainSocketImpl.java:182)
	at java.net.SocksSocketImpl.connect(SocksSocketImpl.java:391)
	at java.net.Socket.connect(Socket.java:579)
	at java.net.Socket.connect(Socket.java:528)
	at sun.net.NetworkClient.doConnect(NetworkClient.java:180)
	at sun.net.www.http.HttpClient.openServer(HttpClient.java:388)
	at sun.net.www.http.HttpClient.openServer(HttpClient.java:483)
	at sun.net.www.http.HttpClient.<init>(HttpClient.java:213)
	at sun.net.www.http.HttpClient.New(HttpClient.java:300)
	at sun.net.www.http.HttpClient.New(HttpClient.java:316)
	at sun.net.www.protocol.http.HttpURLConnection.getNewHttpClient(HttpURLConnection.java:992)
	at sun.net.www.protocol.http.HttpURLConnection.plainConnect(HttpURLConnection.java:928)
	at sun.net.www.protocol.http.HttpURLConnection.connect(HttpURLConnection.java:846)
	at sun.net.www.protocol.http.HttpURLConnection.getInputStream(HttpURLConnection.java:1296)
	at java.net.URL.openStream(URL.java:1035)
	at org.sig.crawler.fill_image.FileLeecher.leechFile(FileLeecher.java:46)
	at org.sig.crawler.fill_image.console.ConsoleApp.fixElement(ConsoleApp.java:109)
	at org.sig.crawler.fill_image.console.ConsoleApp.fixFile(ConsoleApp.java:89)
	at org.sig.crawler.fill_image.Main.main(Main.java:39)
java.net.ConnectException: Connection timed out
	at java.net.PlainSocketImpl.socketConnect(Native Method)
	at java.net.AbstractPlainSocketImpl.doConnect(AbstractPlainSocketImpl.java:339)
	at java.net.AbstractPlainSocketImpl.connectToAddress(AbstractPlainSocketImpl.java:200)
	at java.net.AbstractPlainSocketImpl.connect(AbstractPlainSocketImpl.java:182)
	at java.net.SocksSocketImpl.connect(SocksSocketImpl.java:391)
	at java.net.Socket.connect(Socket.java:579)
	at java.net.Socket.connect(Socket.java:528)
	at sun.net.NetworkClient.doConnect(NetworkClient.java:180)
	at sun.net.www.http.HttpClient.openServer(HttpClient.java:388)
	at sun.net.www.http.HttpClient.openServer(HttpClient.java:483)
	at sun.net.www.http.HttpClient.<init>(HttpClient.java:213)
	at sun.net.www.http.HttpClient.New(HttpClient.java:300)
	at sun.net.www.http.HttpClient.New(HttpClient.java:316)
	at sun.net.www.protocol.http.HttpURLConnection.getNewHttpClient(HttpURLConnection.java:992)
	at sun.net.www.protocol.http.HttpURLConnection.plainConnect(HttpURLConnection.java:928)
	at sun.net.www.protocol.http.HttpURLConnection.connect(HttpURLConnection.java:846)
	at sun.net.www.protocol.http.HttpURLConnection.getInputStream(HttpURLConnection.java:1296)
	at java.net.URL.openStream(URL.java:1035)
	at org.sig.crawler.fill_image.FileLeecher.leechFile(FileLeecher.java:46)
	at org.sig.crawler.fill_image.console.ConsoleApp.fixElement(ConsoleApp.java:109)
	at org.sig.crawler.fill_image.console.ConsoleApp.fixFile(ConsoleApp.java:89)
	at org.sig.crawler.fill_image.Main.main(Main.java:39)
java.io.IOException: Server returned HTTP response code: 400 for URL: http://vi.wikipedia.org/wiki/T%25E1%25BA%25ADp_tin:Gian_tr%25C6%25B0ng_b%25C3%25A0y_th%25E1%25BB%259Di_T%25C3%25A2y_S%25C6%25A1n.jpg
	at sun.net.www.protocol.http.HttpURLConnection.getInputStream(HttpURLConnection.java:1612)
	at java.net.URL.openStream(URL.java:1035)
	at org.sig.crawler.fill_image.FileLeecher.leechFile(FileLeecher.java:46)
	at org.sig.crawler.fill_image.console.ConsoleApp.fixElement(ConsoleApp.java:109)
	at org.sig.crawler.fill_image.console.ConsoleApp.fixFile(ConsoleApp.java:89)
	at org.sig.crawler.fill_image.Main.main(Main.java:39)
java.io.FileNotFoundException: http://upload.wikimedia.org/wikipedia/commons/thumb/6/62/Ph%25C3%25B2ng_tr%25C6%25B0ng_b%25C3%25A0y_c%25E1%25BB%2595_v%25E1%25BA%25ADt.jpg/120px-Ph%25C3%25B2ng_tr%25C6%25B0ng_b%25C3%25A0y_c%25E1%25BB%2595_v%25E1%25BA%25ADt.jpg
	at sun.net.www.protocol.http.HttpURLConnection.getInputStream(HttpURLConnection.java:1610)
	at java.net.URL.openStream(URL.java:1035)
	at org.sig.crawler.fill_image.FileLeecher.leechFile(FileLeecher.java:46)
	at org.sig.crawler.fill_image.console.ConsoleApp.fixElement(ConsoleApp.java:109)
	at org.sig.crawler.fill_image.console.ConsoleApp.fixFile(ConsoleApp.java:89)
	at org.sig.crawler.fill_image.Main.main(Main.java:39)
java.io.IOException: Server returned HTTP response code: 400 for URL: http://vi.wikipedia.org/wiki/T%25E1%25BA%25ADp_tin:%25C3%2581o_vua.jpg
	at sun.net.www.protocol.http.HttpURLConnection.getInputStream(HttpURLConnection.java:1612)
	at java.net.URL.openStream(URL.java:1035)
	at org.sig.crawler.fill_image.FileLeecher.leechFile(FileLeecher.java:46)
	at org.sig.crawler.fill_image.console.ConsoleApp.fixElement(ConsoleApp.java:109)
	at org.sig.crawler.fill_image.console.ConsoleApp.fixFile(ConsoleApp.java:89)
	at org.sig.crawler.fill_image.Main.main(Main.java:39)
java.io.IOException: Server returned HTTP response code: 400 for URL: http://vi.wikipedia.org/wiki/T%25E1%25BA%25ADp_tin:Thao_cam_vien_Saigon.jpg
	at sun.net.www.protocol.http.HttpURLConnection.getInputStream(HttpURLConnection.java:1612)
	at java.net.URL.openStream(URL.java:1035)
	at org.sig.crawler.fill_image.FileLeecher.leechFile(FileLeecher.java:46)
	at org.sig.crawler.fill_image.console.ConsoleApp.fixElement(ConsoleApp.java:109)
	at org.sig.crawler.fill_image.console.ConsoleApp.fixFile(ConsoleApp.java:89)
	at org.sig.crawler.fill_image.Main.main(Main.java:39)
java.io.FileNotFoundException: http://upload.wikimedia.org/wikipedia/commons/thumb/8/88/Den_Hung%252C_Ho_Chi_Minh_City.jpg/320px-Den_Hung%252C_Ho_Chi_Minh_City.jpg
	at sun.net.www.protocol.http.HttpURLConnection.getInputStream(HttpURLConnection.java:1610)
	at java.net.URL.openStream(URL.java:1035)
	at org.sig.crawler.fill_image.FileLeecher.leechFile(FileLeecher.java:46)
	at org.sig.crawler.fill_image.console.ConsoleApp.fixElement(ConsoleApp.java:109)
	at org.sig.crawler.fill_image.console.ConsoleApp.fixFile(ConsoleApp.java:89)
	at org.sig.crawler.fill_image.Main.main(Main.java:39)
java.io.FileNotFoundException: http://upload.wikimedia.org/wikipedia/commons/thumb/0/08/B%25C3%25AAn_trong_%25C4%2591%25E1%25BB%2581n_vua_H%25C3%25B9ng.jpg/800px-B%25C3%25AAn_trong_%25C4%2591%25E1%25BB%2581n_vua_H%25C3%25B9ng.jpg
	at sun.net.www.protocol.http.HttpURLConnection.getInputStream(HttpURLConnection.java:1610)
	at java.net.URL.openStream(URL.java:1035)
	at org.sig.crawler.fill_image.FileLeecher.leechFile(FileLeecher.java:46)
	at org.sig.crawler.fill_image.console.ConsoleApp.fixElement(ConsoleApp.java:109)
	at org.sig.crawler.fill_image.console.ConsoleApp.fixFile(ConsoleApp.java:89)
	at org.sig.crawler.fill_image.Main.main(Main.java:39)
java.io.FileNotFoundException: http://upload.wikimedia.org/wikipedia/commons/thumb/0/08/B%25C3%25AAn_trong_%25C4%2591%25E1%25BB%2581n_vua_H%25C3%25B9ng.jpg/320px-B%25C3%25AAn_trong_%25C4%2591%25E1%25BB%2581n_vua_H%25C3%25B9ng.jpg
	at sun.net.www.protocol.http.HttpURLConnection.getInputStream(HttpURLConnection.java:1610)
	at java.net.URL.openStream(URL.java:1035)
	at org.sig.crawler.fill_image.FileLeecher.leechFile(FileLeecher.java:46)
	at org.sig.crawler.fill_image.console.ConsoleApp.fixElement(ConsoleApp.java:109)
	at org.sig.crawler.fill_image.console.ConsoleApp.fixFile(ConsoleApp.java:89)
	at org.sig.crawler.fill_image.Main.main(Main.java:39)
java.io.FileNotFoundException: http://upload.wikimedia.org/wikipedia/commons/thumb/8/88/Den_Hung%252C_Ho_Chi_Minh_City.jpg/800px-Den_Hung%252C_Ho_Chi_Minh_City.jpg
	at sun.net.www.protocol.http.HttpURLConnection.getInputStream(HttpURLConnection.java:1610)
	at java.net.URL.openStream(URL.java:1035)
	at org.sig.crawler.fill_image.FileLeecher.leechFile(FileLeecher.java:46)
	at org.sig.crawler.fill_image.console.ConsoleApp.fixElement(ConsoleApp.java:109)
	at org.sig.crawler.fill_image.console.ConsoleApp.fixFile(ConsoleApp.java:89)
	at org.sig.crawler.fill_image.Main.main(Main.java:39)
java.io.IOException: Server returned HTTP response code: 500 for URL: http://www.galaxycine.vn/images/upload/cinema/1328082093113-hinh%2520chinh%2520rap.png
	at sun.net.www.protocol.http.HttpURLConnection.getInputStream(HttpURLConnection.java:1612)
	at java.net.URL.openStream(URL.java:1035)
	at org.sig.crawler.fill_image.FileLeecher.leechFile(FileLeecher.java:46)
	at org.sig.crawler.fill_image.console.ConsoleApp.fixElement(ConsoleApp.java:109)
	at org.sig.crawler.fill_image.console.ConsoleApp.fixFile(ConsoleApp.java:89)
	at org.sig.crawler.fill_image.Main.main(Main.java:39)
java.io.FileNotFoundException: http://uttaihoakieng.net/assets/hinh%2520moi%2520cap%2520nhat/14_5_2010/c_IMG_0001.jpg
	at sun.net.www.protocol.http.HttpURLConnection.getInputStream(HttpURLConnection.java:1610)
	at java.net.URL.openStream(URL.java:1035)
	at org.sig.crawler.fill_image.FileLeecher.leechFile(FileLeecher.java:46)
	at org.sig.crawler.fill_image.console.ConsoleApp.fixElement(ConsoleApp.java:109)
	at org.sig.crawler.fill_image.console.ConsoleApp.fixFile(ConsoleApp.java:89)
	at org.sig.crawler.fill_image.Main.main(Main.java:39)
java.io.FileNotFoundException: http://uttaihoakieng.net/assets/co%2520thu/c_bonggiay.jpg
	at sun.net.www.protocol.http.HttpURLConnection.getInputStream(HttpURLConnection.java:1610)
	at java.net.URL.openStream(URL.java:1035)
	at org.sig.crawler.fill_image.FileLeecher.leechFile(FileLeecher.java:46)
	at org.sig.crawler.fill_image.console.ConsoleApp.fixElement(ConsoleApp.java:109)
	at org.sig.crawler.fill_image.console.ConsoleApp.fixFile(ConsoleApp.java:89)
	at org.sig.crawler.fill_image.Main.main(Main.java:39)
java.io.IOException: Server returned HTTP response code: 502 for URL: http://www.gslhcm.org.vn/contents/gioi_thieu/gttv_tham_quan_thu_vien/kien_truc_duong_net/tiendinh.JPG
	at sun.net.www.protocol.http.HttpURLConnection.getInputStream(HttpURLConnection.java:1612)
	at java.net.URL.openStream(URL.java:1035)
	at org.sig.crawler.fill_image.FileLeecher.leechFile(FileLeecher.java:46)
	at org.sig.crawler.fill_image.console.ConsoleApp.fixElement(ConsoleApp.java:109)
	at org.sig.crawler.fill_image.console.ConsoleApp.fixFile(ConsoleApp.java:89)
	at org.sig.crawler.fill_image.Main.main(Main.java:39)
java.io.IOException: Server returned HTTP response code: 502 for URL: http://www.gslhcm.org.vn/contents/gioi_thieu/gttv_tham_quan_thu_vien/kien_truc_duong_net/ngcanh.JPG
	at sun.net.www.protocol.http.HttpURLConnection.getInputStream(HttpURLConnection.java:1612)
	at java.net.URL.openStream(URL.java:1035)
	at org.sig.crawler.fill_image.FileLeecher.leechFile(FileLeecher.java:46)
	at org.sig.crawler.fill_image.console.ConsoleApp.fixElement(ConsoleApp.java:109)
	at org.sig.crawler.fill_image.console.ConsoleApp.fixFile(ConsoleApp.java:89)
	at org.sig.crawler.fill_image.Main.main(Main.java:39)
java.io.FileNotFoundException: http://diachiso.vn/Userfiles/Image/ho-chi-minh/quan-5/tan-da/lô%20e/024loe.jpg
	at sun.net.www.protocol.http.HttpURLConnection.getInputStream(HttpURLConnection.java:1610)
	at java.net.URL.openStream(URL.java:1035)
	at org.sig.crawler.fill_image.FileLeecher.leechFile(FileLeecher.java:46)
	at org.sig.crawler.fill_image.console.ConsoleApp.fixElement(ConsoleApp.java:109)
	at org.sig.crawler.fill_image.console.ConsoleApp.fixFile(ConsoleApp.java:89)
	at org.sig.crawler.fill_image.Main.main(Main.java:39)
java.io.FileNotFoundException: http://upload.wikimedia.org/wikipedia/commons/thumb/2/2b/C%25E1%25BB%2595ng_ch%25C3%25ADnh_L%25C4%2583ng_%25C3%2594ng_B%25C3%25A0_Chi%25E1%25BB%2583u_.jpg/320px-C%25E1%25BB%2595ng_ch%25C3%25ADnh_L%25C4%2583ng_%25C3%2594ng_B%25C3%25A0_Chi%25E1%25BB%2583u_.jpg
	at sun.net.www.protocol.http.HttpURLConnection.getInputStream(HttpURLConnection.java:1610)
	at java.net.URL.openStream(URL.java:1035)
	at org.sig.crawler.fill_image.FileLeecher.leechFile(FileLeecher.java:46)
	at org.sig.crawler.fill_image.console.ConsoleApp.fixElement(ConsoleApp.java:109)
	at org.sig.crawler.fill_image.console.ConsoleApp.fixFile(ConsoleApp.java:89)
	at org.sig.crawler.fill_image.Main.main(Main.java:39)
java.io.FileNotFoundException: http://upload.wikimedia.org/wikipedia/commons/thumb/0/0d/L%25C4%2583ng_L%25C3%25AA_V%25C4%2583n_Duy%25E1%25BB%2587t.jpg/800px-L%25C4%2583ng_L%25C3%25AA_V%25C4%2583n_Duy%25E1%25BB%2587t.jpg
	at sun.net.www.protocol.http.HttpURLConnection.getInputStream(HttpURLConnection.java:1610)
	at java.net.URL.openStream(URL.java:1035)
	at org.sig.crawler.fill_image.FileLeecher.leechFile(FileLeecher.java:46)
	at org.sig.crawler.fill_image.console.ConsoleApp.fixElement(ConsoleApp.java:109)
	at org.sig.crawler.fill_image.console.ConsoleApp.fixFile(ConsoleApp.java:89)
	at org.sig.crawler.fill_image.Main.main(Main.java:39)
java.io.FileNotFoundException: http://upload.wikimedia.org/wikipedia/commons/thumb/2/2b/C%25E1%25BB%2595ng_ch%25C3%25ADnh_L%25C4%2583ng_%25C3%2594ng_B%25C3%25A0_Chi%25E1%25BB%2583u_.jpg/800px-C%25E1%25BB%2595ng_ch%25C3%25ADnh_L%25C4%2583ng_%25C3%2594ng_B%25C3%25A0_Chi%25E1%25BB%2583u_.jpg
	at sun.net.www.protocol.http.HttpURLConnection.getInputStream(HttpURLConnection.java:1610)
	at java.net.URL.openStream(URL.java:1035)
	at org.sig.crawler.fill_image.FileLeecher.leechFile(FileLeecher.java:46)
	at org.sig.crawler.fill_image.console.ConsoleApp.fixElement(ConsoleApp.java:109)
	at org.sig.crawler.fill_image.console.ConsoleApp.fixFile(ConsoleApp.java:89)
	at org.sig.crawler.fill_image.Main.main(Main.java:39)
java.io.FileNotFoundException: http://upload.wikimedia.org/wikipedia/commons/thumb/0/0d/L%25C4%2583ng_L%25C3%25AA_V%25C4%2583n_Duy%25E1%25BB%2587t.jpg/320px-L%25C4%2583ng_L%25C3%25AA_V%25C4%2583n_Duy%25E1%25BB%2587t.jpg
	at sun.net.www.protocol.http.HttpURLConnection.getInputStream(HttpURLConnection.java:1610)
	at java.net.URL.openStream(URL.java:1035)
	at org.sig.crawler.fill_image.FileLeecher.leechFile(FileLeecher.java:46)
	at org.sig.crawler.fill_image.console.ConsoleApp.fixElement(ConsoleApp.java:109)
	at org.sig.crawler.fill_image.console.ConsoleApp.fixFile(ConsoleApp.java:89)
	at org.sig.crawler.fill_image.Main.main(Main.java:39)
java.io.FileNotFoundException: http://diachiso.vn/Userfiles/Image/ho-chi-minh/quan-10/su-van-hanh/lô%20g/032%20lô%20g.jpg
	at sun.net.www.protocol.http.HttpURLConnection.getInputStream(HttpURLConnection.java:1610)
	at java.net.URL.openStream(URL.java:1035)
	at org.sig.crawler.fill_image.FileLeecher.leechFile(FileLeecher.java:46)
	at org.sig.crawler.fill_image.console.ConsoleApp.fixElement(ConsoleApp.java:109)
	at org.sig.crawler.fill_image.console.ConsoleApp.fixFile(ConsoleApp.java:89)
	at org.sig.crawler.fill_image.Main.main(Main.java:39)
java.io.FileNotFoundException: http://diachiso.vn/Userfiles/Image/ho-chi-minh/quan-10/su-van-hanh/lô%20h/017%20lô%20h.jpg
	at sun.net.www.protocol.http.HttpURLConnection.getInputStream(HttpURLConnection.java:1610)
	at java.net.URL.openStream(URL.java:1035)
	at org.sig.crawler.fill_image.FileLeecher.leechFile(FileLeecher.java:46)
	at org.sig.crawler.fill_image.console.ConsoleApp.fixElement(ConsoleApp.java:109)
	at org.sig.crawler.fill_image.console.ConsoleApp.fixFile(ConsoleApp.java:89)
	at org.sig.crawler.fill_image.Main.main(Main.java:39)
java.io.FileNotFoundException: http://diachiso.vn/Userfiles/Image/ho-chi-minh/quan-10/su-van-hanh/lô%20h/011%20lô%20h.jpg
	at sun.net.www.protocol.http.HttpURLConnection.getInputStream(HttpURLConnection.java:1610)
	at java.net.URL.openStream(URL.java:1035)
	at org.sig.crawler.fill_image.FileLeecher.leechFile(FileLeecher.java:46)
	at org.sig.crawler.fill_image.console.ConsoleApp.fixElement(ConsoleApp.java:109)
	at org.sig.crawler.fill_image.console.ConsoleApp.fixFile(ConsoleApp.java:89)
	at org.sig.crawler.fill_image.Main.main(Main.java:39)
java.io.FileNotFoundException: http://diachiso.vn/Userfiles/Image/ho-chi-minh/quan-10/su-van-hanh/lô%20h/008%20lô%20h.jpg
	at sun.net.www.protocol.http.HttpURLConnection.getInputStream(HttpURLConnection.java:1610)
	at java.net.URL.openStream(URL.java:1035)
	at org.sig.crawler.fill_image.FileLeecher.leechFile(FileLeecher.java:46)
	at org.sig.crawler.fill_image.console.ConsoleApp.fixElement(ConsoleApp.java:109)
	at org.sig.crawler.fill_image.console.ConsoleApp.fixFile(ConsoleApp.java:89)
	at org.sig.crawler.fill_image.Main.main(Main.java:39)
java.io.FileNotFoundException: http://diachiso.vn/Userfiles/Image/ho-chi-minh/quan-10/su-van-hanh/lô%20h/003%20lô%20h.jpg
	at sun.net.www.protocol.http.HttpURLConnection.getInputStream(HttpURLConnection.java:1610)
	at java.net.URL.openStream(URL.java:1035)
	at org.sig.crawler.fill_image.FileLeecher.leechFile(FileLeecher.java:46)
	at org.sig.crawler.fill_image.console.ConsoleApp.fixElement(ConsoleApp.java:109)
	at org.sig.crawler.fill_image.console.ConsoleApp.fixFile(ConsoleApp.java:89)
	at org.sig.crawler.fill_image.Main.main(Main.java:39)
java.io.FileNotFoundException: http://upload.wikimedia.org/wikipedia/commons/thumb/b/bd/T%25C6%25B0%25E1%25BB%25A3ng_%25C4%2590%25E1%25BB%25A9c_M%25E1%25BA%25B9_H%25C3%25B2a_b%25C3%25ACnh.jpg/360px-T%25C6%25B0%25E1%25BB%25A3ng_%25C4%2590%25E1%25BB%25A9c_M%25E1%25BA%25B9_H%25C3%25B2a_b%25C3%25ACnh.jpg
	at sun.net.www.protocol.http.HttpURLConnection.getInputStream(HttpURLConnection.java:1610)
	at java.net.URL.openStream(URL.java:1035)
	at org.sig.crawler.fill_image.FileLeecher.leechFile(FileLeecher.java:46)
	at org.sig.crawler.fill_image.console.ConsoleApp.fixElement(ConsoleApp.java:109)
	at org.sig.crawler.fill_image.console.ConsoleApp.fixFile(ConsoleApp.java:89)
	at org.sig.crawler.fill_image.Main.main(Main.java:39)
java.io.FileNotFoundException: http://diachiso.vn/Userfiles/Image/ho-chi-minh/quan-11/nguyen-van-phu/lô%20c/11%20lô%20c.jpg
	at sun.net.www.protocol.http.HttpURLConnection.getInputStream(HttpURLConnection.java:1610)
	at java.net.URL.openStream(URL.java:1035)
	at org.sig.crawler.fill_image.FileLeecher.leechFile(FileLeecher.java:46)
	at org.sig.crawler.fill_image.console.ConsoleApp.fixElement(ConsoleApp.java:109)
	at org.sig.crawler.fill_image.console.ConsoleApp.fixFile(ConsoleApp.java:89)
	at org.sig.crawler.fill_image.Main.main(Main.java:39)
java.io.FileNotFoundException: http://diachiso.vn/Userfiles/Image/ho-chi-minh/quan-11/nguyen-van-phu/lô%20b/023%20lô%20b.jpg
	at sun.net.www.protocol.http.HttpURLConnection.getInputStream(HttpURLConnection.java:1610)
	at java.net.URL.openStream(URL.java:1035)
	at org.sig.crawler.fill_image.FileLeecher.leechFile(FileLeecher.java:46)
	at org.sig.crawler.fill_image.console.ConsoleApp.fixElement(ConsoleApp.java:109)
	at org.sig.crawler.fill_image.console.ConsoleApp.fixFile(ConsoleApp.java:89)
	at org.sig.crawler.fill_image.Main.main(Main.java:39)
java.net.UnknownHostException: www.vietnamwiki.net
	at java.net.AbstractPlainSocketImpl.connect(AbstractPlainSocketImpl.java:178)
	at java.net.SocksSocketImpl.connect(SocksSocketImpl.java:391)
	at java.net.Socket.connect(Socket.java:579)
	at java.net.Socket.connect(Socket.java:528)
	at sun.net.NetworkClient.doConnect(NetworkClient.java:180)
	at sun.net.www.http.HttpClient.openServer(HttpClient.java:388)
	at sun.net.www.http.HttpClient.openServer(HttpClient.java:483)
	at sun.net.www.http.HttpClient.<init>(HttpClient.java:213)
	at sun.net.www.http.HttpClient.New(HttpClient.java:300)
	at sun.net.www.http.HttpClient.New(HttpClient.java:316)
	at sun.net.www.protocol.http.HttpURLConnection.getNewHttpClient(HttpURLConnection.java:992)
	at sun.net.www.protocol.http.HttpURLConnection.plainConnect(HttpURLConnection.java:928)
	at sun.net.www.protocol.http.HttpURLConnection.connect(HttpURLConnection.java:846)
	at sun.net.www.protocol.http.HttpURLConnection.getInputStream(HttpURLConnection.java:1296)
	at java.net.URL.openStream(URL.java:1035)
	at org.sig.crawler.fill_image.FileLeecher.leechFile(FileLeecher.java:46)
	at org.sig.crawler.fill_image.console.ConsoleApp.fixElement(ConsoleApp.java:109)
	at org.sig.crawler.fill_image.console.ConsoleApp.fixFile(ConsoleApp.java:89)
	at org.sig.crawler.fill_image.Main.main(Main.java:39)
java.net.ConnectException: Connection timed out
	at java.net.PlainSocketImpl.socketConnect(Native Method)
	at java.net.AbstractPlainSocketImpl.doConnect(AbstractPlainSocketImpl.java:339)
	at java.net.AbstractPlainSocketImpl.connectToAddress(AbstractPlainSocketImpl.java:200)
	at java.net.AbstractPlainSocketImpl.connect(AbstractPlainSocketImpl.java:182)
	at java.net.SocksSocketImpl.connect(SocksSocketImpl.java:391)
	at java.net.Socket.connect(Socket.java:579)
	at java.net.Socket.connect(Socket.java:528)
	at sun.net.NetworkClient.doConnect(NetworkClient.java:180)
	at sun.net.www.http.HttpClient.openServer(HttpClient.java:388)
	at sun.net.www.http.HttpClient.openServer(HttpClient.java:483)
	at sun.net.www.http.HttpClient.<init>(HttpClient.java:213)
	at sun.net.www.http.HttpClient.New(HttpClient.java:300)
	at sun.net.www.http.HttpClient.New(HttpClient.java:316)
	at sun.net.www.protocol.http.HttpURLConnection.getNewHttpClient(HttpURLConnection.java:992)
	at sun.net.www.protocol.http.HttpURLConnection.plainConnect(HttpURLConnection.java:928)
	at sun.net.www.protocol.http.HttpURLConnection.connect(HttpURLConnection.java:846)
	at sun.net.www.protocol.http.HttpURLConnection.getInputStream(HttpURLConnection.java:1296)
	at java.net.URL.openStream(URL.java:1035)
	at org.sig.crawler.fill_image.FileLeecher.leechFile(FileLeecher.java:46)
	at org.sig.crawler.fill_image.console.ConsoleApp.fixElement(ConsoleApp.java:109)
	at org.sig.crawler.fill_image.console.ConsoleApp.fixFile(ConsoleApp.java:89)
	at org.sig.crawler.fill_image.Main.main(Main.java:39)
java.net.ConnectException: Connection timed out
	at java.net.PlainSocketImpl.socketConnect(Native Method)
	at java.net.AbstractPlainSocketImpl.doConnect(AbstractPlainSocketImpl.java:339)
	at java.net.AbstractPlainSocketImpl.connectToAddress(AbstractPlainSocketImpl.java:200)
	at java.net.AbstractPlainSocketImpl.connect(AbstractPlainSocketImpl.java:182)
	at java.net.SocksSocketImpl.connect(SocksSocketImpl.java:391)
	at java.net.Socket.connect(Socket.java:579)
	at java.net.Socket.connect(Socket.java:528)
	at sun.net.NetworkClient.doConnect(NetworkClient.java:180)
	at sun.net.www.http.HttpClient.openServer(HttpClient.java:388)
	at sun.net.www.http.HttpClient.openServer(HttpClient.java:483)
	at sun.net.www.http.HttpClient.<init>(HttpClient.java:213)
	at sun.net.www.http.HttpClient.New(HttpClient.java:300)
	at sun.net.www.http.HttpClient.New(HttpClient.java:316)
	at sun.net.www.protocol.http.HttpURLConnection.getNewHttpClient(HttpURLConnection.java:992)
	at sun.net.www.protocol.http.HttpURLConnection.plainConnect(HttpURLConnection.java:928)
	at sun.net.www.protocol.http.HttpURLConnection.connect(HttpURLConnection.java:846)
	at sun.net.www.protocol.http.HttpURLConnection.getInputStream(HttpURLConnection.java:1296)
	at java.net.URL.openStream(URL.java:1035)
	at org.sig.crawler.fill_image.FileLeecher.leechFile(FileLeecher.java:46)
	at org.sig.crawler.fill_image.console.ConsoleApp.fixElement(ConsoleApp.java:109)
	at org.sig.crawler.fill_image.console.ConsoleApp.fixFile(ConsoleApp.java:89)
	at org.sig.crawler.fill_image.Main.main(Main.java:39)
java.net.ConnectException: Connection timed out
	at java.net.PlainSocketImpl.socketConnect(Native Method)
	at java.net.AbstractPlainSocketImpl.doConnect(AbstractPlainSocketImpl.java:339)
	at java.net.AbstractPlainSocketImpl.connectToAddress(AbstractPlainSocketImpl.java:200)
	at java.net.AbstractPlainSocketImpl.connect(AbstractPlainSocketImpl.java:182)
	at java.net.SocksSocketImpl.connect(SocksSocketImpl.java:391)
	at java.net.Socket.connect(Socket.java:579)
	at java.net.Socket.connect(Socket.java:528)
	at sun.net.NetworkClient.doConnect(NetworkClient.java:180)
	at sun.net.www.http.HttpClient.openServer(HttpClient.java:388)
	at sun.net.www.http.HttpClient.openServer(HttpClient.java:483)
	at sun.net.www.http.HttpClient.<init>(HttpClient.java:213)
	at sun.net.www.http.HttpClient.New(HttpClient.java:300)
	at sun.net.www.http.HttpClient.New(HttpClient.java:316)
	at sun.net.www.protocol.http.HttpURLConnection.getNewHttpClient(HttpURLConnection.java:992)
	at sun.net.www.protocol.http.HttpURLConnection.plainConnect(HttpURLConnection.java:928)
	at sun.net.www.protocol.http.HttpURLConnection.connect(HttpURLConnection.java:846)
	at sun.net.www.protocol.http.HttpURLConnection.getInputStream(HttpURLConnection.java:1296)
	at java.net.URL.openStream(URL.java:1035)
	at org.sig.crawler.fill_image.FileLeecher.leechFile(FileLeecher.java:46)
	at org.sig.crawler.fill_image.console.ConsoleApp.fixElement(ConsoleApp.java:109)
	at org.sig.crawler.fill_image.console.ConsoleApp.fixFile(ConsoleApp.java:89)
	at org.sig.crawler.fill_image.Main.main(Main.java:39)
java.io.FileNotFoundException: http://upload.wikimedia.org/wikipedia/commons/thumb/2/22/B%25C3%25AAn_trong_%25C4%2590%25C3%25ACnh_Minh_H%25C6%25B0%25C6%25A1ng_Gia_Th%25E1%25BA%25A1nh.jpg/320px-B%25C3%25AAn_trong_%25C4%2590%25C3%25ACnh_Minh_H%25C6%25B0%25C6%25A1ng_Gia_Th%25E1%25BA%25A1nh.jpg
	at sun.net.www.protocol.http.HttpURLConnection.getInputStream(HttpURLConnection.java:1610)
	at java.net.URL.openStream(URL.java:1035)
	at org.sig.crawler.fill_image.FileLeecher.leechFile(FileLeecher.java:46)
	at org.sig.crawler.fill_image.console.ConsoleApp.fixElement(ConsoleApp.java:109)
	at org.sig.crawler.fill_image.console.ConsoleApp.fixFile(ConsoleApp.java:89)
	at org.sig.crawler.fill_image.Main.main(Main.java:39)
java.io.FileNotFoundException: http://upload.wikimedia.org/wikipedia/commons/thumb/2/22/B%25C3%25AAn_trong_%25C4%2590%25C3%25ACnh_Minh_H%25C6%25B0%25C6%25A1ng_Gia_Th%25E1%25BA%25A1nh.jpg/800px-B%25C3%25AAn_trong_%25C4%2590%25C3%25ACnh_Minh_H%25C6%25B0%25C6%25A1ng_Gia_Th%25E1%25BA%25A1nh.jpg
	at sun.net.www.protocol.http.HttpURLConnection.getInputStream(HttpURLConnection.java:1610)
	at java.net.URL.openStream(URL.java:1035)
	at org.sig.crawler.fill_image.FileLeecher.leechFile(FileLeecher.java:46)
	at org.sig.crawler.fill_image.console.ConsoleApp.fixElement(ConsoleApp.java:109)
	at org.sig.crawler.fill_image.console.ConsoleApp.fixFile(ConsoleApp.java:89)
	at org.sig.crawler.fill_image.Main.main(Main.java:39)
java.io.FileNotFoundException: http://asia-soleil-travel.com/uploads/12_Cho_Ben_thanh.jpg
	at sun.net.www.protocol.http.HttpURLConnection.getInputStream(HttpURLConnection.java:1610)
	at java.net.URL.openStream(URL.java:1035)
	at org.sig.crawler.fill_image.FileLeecher.leechFile(FileLeecher.java:46)
	at org.sig.crawler.fill_image.console.ConsoleApp.fixElement(ConsoleApp.java:109)
	at org.sig.crawler.fill_image.console.ConsoleApp.fixFile(ConsoleApp.java:89)
	at org.sig.crawler.fill_image.Main.main(Main.java:39)
java.io.FileNotFoundException: http://www.youtube.com/watch?v=ghiMNKSRqD8&hd=1
	at sun.net.www.protocol.http.HttpURLConnection.getInputStream(HttpURLConnection.java:1610)
	at java.net.URL.openStream(URL.java:1035)
	at org.sig.crawler.fill_image.FileLeecher.leechFile(FileLeecher.java:46)
	at org.sig.crawler.fill_image.console.ConsoleApp.fixElement(ConsoleApp.java:109)
	at org.sig.crawler.fill_image.console.ConsoleApp.fixFile(ConsoleApp.java:89)
	at org.sig.crawler.fill_image.Main.main(Main.java:39)
